node:internal/modules/cjs/loader:1386
  throw err;
  ^

Error: Cannot find module 'C:\Users\jewel\OneDrive\Documents\GitHub\wholesale-backend\dist\main'
    at Function._resolveFilename (node:internal/modules/cjs/loader:1383:15)
    at defaultResolveImpl (node:internal/modules/cjs/loader:1025:19)
    at resolveForCJSWithHooks (node:internal/modules/cjs/loader:1030:22)
    at Function._load (node:internal/modules/cjs/loader:1192:37)
    at TracingChannel.traceSync (node:diagnostics_channel:322:14)
    at wrapModuleLoad (node:internal/modules/cjs/loader:237:24)
    at Function.executeUserEntryPoint [as runMain] (node:internal/modules/run_main:171:5)
    at node:internal/main/run_main_module:36:49 {
  code: 'MODULE_NOT_FOUND',
  requireStack: []
}

Node.js v22.20.0
[31m[Nest] 33452  - [39m06/19/2026, 6:35:02 PM [31m  ERROR[39m [38;5;3m[ExceptionHandler] [39m[31mA circular dependency has been detected inside StoreModule. Please, make sure that each side of a bidirectional relationships are decorated with "forwardRef()". Note that circular relationships between custom providers (e.g., factories) are not supported since functions cannot be called more than once.[39m
Error: A circular dependency has been detected inside StoreModule. Please, make sure that each side of a bidirectional relationships are decorated with "forwardRef()". Note that circular relationships between custom providers (e.g., factories) are not supported since functions cannot be called more than once.
    at NestContainer.addProvider (C:\Users\jewel\OneDrive\Documents\GitHub\wholesale-backend\node_modules\@nestjs\core\injector\container.js:146:19)
    at DependenciesScanner.insertProvider (C:\Users\jewel\OneDrive\Documents\GitHub\wholesale-backend\node_modules\@nestjs\core\scanner.js:235:35)
    at C:\Users\jewel\OneDrive\Documents\GitHub\wholesale-backend\node_modules\@nestjs\core\scanner.js:119:18
    at Array.forEach (<anonymous>)
    at DependenciesScanner.reflectProviders (C:\Users\jewel\OneDrive\Documents\GitHub\wholesale-backend\node_modules\@nestjs\core\scanner.js:118:19)
    at DependenciesScanner.scanModulesForDependencies (C:\Users\jewel\OneDrive\Documents\GitHub\wholesale-backend\node_modules\@nestjs\core\scanner.js:99:18)
    at process.processTicksAndRejections (node:internal/process/task_queues:105:5)
    at async DependenciesScanner.scan (C:\Users\jewel\OneDrive\Documents\GitHub\wholesale-backend\node_modules\@nestjs\core\scanner.js:31:9)
    at async C:\Users\jewel\OneDrive\Documents\GitHub\wholesale-backend\node_modules\@nestjs\core\nest-factory.js:107:17
    at async ExceptionsZone.asyncRun (C:\Users\jewel\OneDrive\Documents\GitHub\wholesale-backend\node_modules\@nestjs\core\errors\exceptions-zone.js:22:13)
[31m[Nest] 36972  - [39m06/19/2026, 10:16:32 PM [31m  ERROR[39m [38;5;3m[NestApplication] [39m[31mError: listen EADDRINUSE: address already in use :::3129[39m[38;5;3m +1ms[39m
node:net:1940
    const ex = new UVExceptionWithHostPort(err, 'listen', address, port);
               ^

Error: listen EADDRINUSE: address already in use :::3129
    at Server.setupListenHandle [as _listen2] (node:net:1940:16)
    at listenInCluster (node:net:1997:12)
    at Server.listen (node:net:2102:7)
    at ExpressAdapter.listen (C:\Users\jewel\OneDrive\Documents\GitHub\wholesale-backend\node_modules\@nestjs\platform-express\adapters\express-adapter.js:95:32)
    at C:\Users\jewel\OneDrive\Documents\GitHub\wholesale-backend\node_modules\@nestjs\core\nest-application.js:183:30
    at new Promise (<anonymous>)
    at NestApplication.listen (C:\Users\jewel\OneDrive\Documents\GitHub\wholesale-backend\node_modules\@nestjs\core\nest-application.js:173:16)
    at async bootstrap (C:\Users\jewel\OneDrive\Documents\GitHub\wholesale-backend\src\main.ts:25:3) {
  code: 'EADDRINUSE',
  errno: -4091,
  syscall: 'listen',
  address: '::',
  port: 3129
}

Node.js v22.20.0
[31m[Nest] 21644  - [39m06/19/2026, 10:56:06 PM [31m  ERROR[39m [38;5;3m[NestApplication] [39m[31mError: listen EADDRINUSE: address already in use :::3129[39m[38;5;3m +3ms[39m
node:net:1940
    const ex = new UVExceptionWithHostPort(err, 'listen', address, port);
               ^

Error: listen EADDRINUSE: address already in use :::3129
    at Server.setupListenHandle [as _listen2] (node:net:1940:16)
    at listenInCluster (node:net:1997:12)
    at Server.listen (node:net:2102:7)
    at ExpressAdapter.listen (C:\Users\jewel\OneDrive\Documents\GitHub\wholesale-backend\node_modules\@nestjs\platform-express\adapters\express-adapter.js:95:32)
    at C:\Users\jewel\OneDrive\Documents\GitHub\wholesale-backend\node_modules\@nestjs\core\nest-application.js:183:30
    at new Promise (<anonymous>)
    at NestApplication.listen (C:\Users\jewel\OneDrive\Documents\GitHub\wholesale-backend\node_modules\@nestjs\core\nest-application.js:173:16)
    at async bootstrap (C:\Users\jewel\OneDrive\Documents\GitHub\wholesale-backend\src\main.ts:25:3) {
  code: 'EADDRINUSE',
  errno: -4091,
  syscall: 'listen',
  address: '::',
  port: 3129
}

Node.js v22.20.0
[31m[Nest] 2788  - [39m06/19/2026, 11:13:39 PM [31m  ERROR[39m [38;5;3m[NestApplication] [39m[31mError: listen EADDRINUSE: address already in use :::3129[39m[38;5;3m +5ms[39m
node:net:1940
    const ex = new UVExceptionWithHostPort(err, 'listen', address, port);
               ^

Error: listen EADDRINUSE: address already in use :::3129
    at Server.setupListenHandle [as _listen2] (node:net:1940:16)
    at listenInCluster (node:net:1997:12)
    at Server.listen (node:net:2102:7)
    at ExpressAdapter.listen (C:\Users\jewel\OneDrive\Documents\GitHub\wholesale-backend\node_modules\@nestjs\platform-express\adapters\express-adapter.js:95:32)
    at C:\Users\jewel\OneDrive\Documents\GitHub\wholesale-backend\node_modules\@nestjs\core\nest-application.js:183:30
    at new Promise (<anonymous>)
    at NestApplication.listen (C:\Users\jewel\OneDrive\Documents\GitHub\wholesale-backend\node_modules\@nestjs\core\nest-application.js:173:16)
    at async bootstrap (C:\Users\jewel\OneDrive\Documents\GitHub\wholesale-backend\src\main.ts:25:3) {
  code: 'EADDRINUSE',
  errno: -4091,
  syscall: 'listen',
  address: '::',
  port: 3129
}

Node.js v22.20.0
[31m[Nest] 28416  - [39m06/19/2026, 11:13:54 PM [31m  ERROR[39m [38;5;3m[NestApplication] [39m[31mError: listen EADDRINUSE: address already in use :::3129[39m[38;5;3m +6ms[39m
node:net:1940
    const ex = new UVExceptionWithHostPort(err, 'listen', address, port);
               ^

Error: listen EADDRINUSE: address already in use :::3129
    at Server.setupListenHandle [as _listen2] (node:net:1940:16)
    at listenInCluster (node:net:1997:12)
    at Server.listen (node:net:2102:7)
    at ExpressAdapter.listen (C:\Users\jewel\OneDrive\Documents\GitHub\wholesale-backend\node_modules\@nestjs\platform-express\adapters\express-adapter.js:95:32)
    at C:\Users\jewel\OneDrive\Documents\GitHub\wholesale-backend\node_modules\@nestjs\core\nest-application.js:183:30
    at new Promise (<anonymous>)
    at NestApplication.listen (C:\Users\jewel\OneDrive\Documents\GitHub\wholesale-backend\node_modules\@nestjs\core\nest-application.js:173:16)
    at async bootstrap (C:\Users\jewel\OneDrive\Documents\GitHub\wholesale-backend\src\main.ts:25:3) {
  code: 'EADDRINUSE',
  errno: -4091,
  syscall: 'listen',
  address: '::',
  port: 3129
}

Node.js v22.20.0
[31m[Nest] 17304  - [39m06/19/2026, 11:19:38 PM [31m  ERROR[39m [38;5;3m[NestApplication] [39m[31mError: listen EADDRINUSE: address already in use :::3129[39m[38;5;3m +4ms[39m
node:net:1940
    const ex = new UVExceptionWithHostPort(err, 'listen', address, port);
               ^

Error: listen EADDRINUSE: address already in use :::3129
    at Server.setupListenHandle [as _listen2] (node:net:1940:16)
    at listenInCluster (node:net:1997:12)
    at Server.listen (node:net:2102:7)
    at ExpressAdapter.listen (C:\Users\jewel\OneDrive\Documents\GitHub\wholesale-backend\node_modules\@nestjs\platform-express\adapters\express-adapter.js:95:32)
    at C:\Users\jewel\OneDrive\Documents\GitHub\wholesale-backend\node_modules\@nestjs\core\nest-application.js:183:30
    at new Promise (<anonymous>)
    at NestApplication.listen (C:\Users\jewel\OneDrive\Documents\GitHub\wholesale-backend\node_modules\@nestjs\core\nest-application.js:173:16)
    at async bootstrap (C:\Users\jewel\OneDrive\Documents\GitHub\wholesale-backend\src\main.ts:25:3) {
  code: 'EADDRINUSE',
  errno: -4091,
  syscall: 'listen',
  address: '::',
  port: 3129
}

Node.js v22.20.0
[31m[Nest] 33672  - [39m06/19/2026, 11:19:52 PM [31m  ERROR[39m [38;5;3m[NestApplication] [39m[31mError: listen EADDRINUSE: address already in use :::3129[39m[38;5;3m +4ms[39m
node:net:1940
    const ex = new UVExceptionWithHostPort(err, 'listen', address, port);
               ^

Error: listen EADDRINUSE: address already in use :::3129
    at Server.setupListenHandle [as _listen2] (node:net:1940:16)
    at listenInCluster (node:net:1997:12)
    at Server.listen (node:net:2102:7)
    at ExpressAdapter.listen (C:\Users\jewel\OneDrive\Documents\GitHub\wholesale-backend\node_modules\@nestjs\platform-express\adapters\express-adapter.js:95:32)
    at C:\Users\jewel\OneDrive\Documents\GitHub\wholesale-backend\node_modules\@nestjs\core\nest-application.js:183:30
    at new Promise (<anonymous>)
    at NestApplication.listen (C:\Users\jewel\OneDrive\Documents\GitHub\wholesale-backend\node_modules\@nestjs\core\nest-application.js:173:16)
    at async bootstrap (C:\Users\jewel\OneDrive\Documents\GitHub\wholesale-backend\src\main.ts:25:3) {
  code: 'EADDRINUSE',
  errno: -4091,
  syscall: 'listen',
  address: '::',
  port: 3129
}

Node.js v22.20.0
[31m[Nest] 31056  - [39m06/19/2026, 11:22:45 PM [31m  ERROR[39m [38;5;3m[NestApplication] [39m[31mError: listen EADDRINUSE: address already in use :::3129[39m[38;5;3m +3ms[39m
node:net:1940
    const ex = new UVExceptionWithHostPort(err, 'listen', address, port);
               ^

Error: listen EADDRINUSE: address already in use :::3129
    at Server.setupListenHandle [as _listen2] (node:net:1940:16)
    at listenInCluster (node:net:1997:12)
    at Server.listen (node:net:2102:7)
    at ExpressAdapter.listen (C:\Users\jewel\OneDrive\Documents\GitHub\wholesale-backend\node_modules\@nestjs\platform-express\adapters\express-adapter.js:95:32)
    at C:\Users\jewel\OneDrive\Documents\GitHub\wholesale-backend\node_modules\@nestjs\core\nest-application.js:183:30
    at new Promise (<anonymous>)
    at NestApplication.listen (C:\Users\jewel\OneDrive\Documents\GitHub\wholesale-backend\node_modules\@nestjs\core\nest-application.js:173:16)
    at async bootstrap (C:\Users\jewel\OneDrive\Documents\GitHub\wholesale-backend\src\main.ts:25:3) {
  code: 'EADDRINUSE',
  errno: -4091,
  syscall: 'listen',
  address: '::',
  port: 3129
}

Node.js v22.20.0
[31m[Nest] 34112  - [39m06/19/2026, 11:32:01 PM [31m  ERROR[39m [38;5;3m[NestApplication] [39m[31mError: listen EADDRINUSE: address already in use :::3129[39m[38;5;3m +3ms[39m
node:net:1940
    const ex = new UVExceptionWithHostPort(err, 'listen', address, port);
               ^

Error: listen EADDRINUSE: address already in use :::3129
    at Server.setupListenHandle [as _listen2] (node:net:1940:16)
    at listenInCluster (node:net:1997:12)
    at Server.listen (node:net:2102:7)
    at ExpressAdapter.listen (C:\Users\jewel\OneDrive\Documents\GitHub\wholesale-backend\node_modules\@nestjs\platform-express\adapters\express-adapter.js:95:32)
    at C:\Users\jewel\OneDrive\Documents\GitHub\wholesale-backend\node_modules\@nestjs\core\nest-application.js:183:30
    at new Promise (<anonymous>)
    at NestApplication.listen (C:\Users\jewel\OneDrive\Documents\GitHub\wholesale-backend\node_modules\@nestjs\core\nest-application.js:173:16)
    at async bootstrap (C:\Users\jewel\OneDrive\Documents\GitHub\wholesale-backend\src\main.ts:25:3) {
  code: 'EADDRINUSE',
  errno: -4091,
  syscall: 'listen',
  address: '::',
  port: 3129
}

Node.js v22.20.0
[31m[Nest] 14864  - [39m06/20/2026, 6:33:44 AM [31m  ERROR[39m [38;5;3m[NestApplication] [39m[31mError: listen EADDRINUSE: address already in use :::3129[39m[38;5;3m +5ms[39m
node:net:1940
    const ex = new UVExceptionWithHostPort(err, 'listen', address, port);
               ^

Error: listen EADDRINUSE: address already in use :::3129
    at Server.setupListenHandle [as _listen2] (node:net:1940:16)
    at listenInCluster (node:net:1997:12)
    at Server.listen (node:net:2102:7)
    at ExpressAdapter.listen (C:\Users\jewel\OneDrive\Documents\GitHub\wholesale-backend\node_modules\@nestjs\platform-express\adapters\express-adapter.js:95:32)
    at C:\Users\jewel\OneDrive\Documents\GitHub\wholesale-backend\node_modules\@nestjs\core\nest-application.js:183:30
    at new Promise (<anonymous>)
    at NestApplication.listen (C:\Users\jewel\OneDrive\Documents\GitHub\wholesale-backend\node_modules\@nestjs\core\nest-application.js:173:16)
    at async bootstrap (C:\Users\jewel\OneDrive\Documents\GitHub\wholesale-backend\src\main.ts:25:3) {
  code: 'EADDRINUSE',
  errno: -4091,
  syscall: 'listen',
  address: '::',
  port: 3129
}

Node.js v22.20.0
[31m[Nest] 33756  - [39m06/20/2026, 6:34:34 AM [31m  ERROR[39m [38;5;3m[NestApplication] [39m[31mError: listen EADDRINUSE: address already in use :::3129[39m[38;5;3m +15ms[39m
node:net:1940
    const ex = new UVExceptionWithHostPort(err, 'listen', address, port);
               ^

Error: listen EADDRINUSE: address already in use :::3129
    at Server.setupListenHandle [as _listen2] (node:net:1940:16)
    at listenInCluster (node:net:1997:12)
    at Server.listen (node:net:2102:7)
    at ExpressAdapter.listen (C:\Users\jewel\OneDrive\Documents\GitHub\wholesale-backend\node_modules\@nestjs\platform-express\adapters\express-adapter.js:95:32)
    at C:\Users\jewel\OneDrive\Documents\GitHub\wholesale-backend\node_modules\@nestjs\core\nest-application.js:183:30
    at new Promise (<anonymous>)
    at NestApplication.listen (C:\Users\jewel\OneDrive\Documents\GitHub\wholesale-backend\node_modules\@nestjs\core\nest-application.js:173:16)
    at async bootstrap (C:\Users\jewel\OneDrive\Documents\GitHub\wholesale-backend\src\main.ts:25:3) {
  code: 'EADDRINUSE',
  errno: -4091,
  syscall: 'listen',
  address: '::',
  port: 3129
}

Node.js v22.20.0
[31m[Nest] 33520  - [39m06/20/2026, 7:36:07 AM [31m  ERROR[39m [38;5;3m[NestApplication] [39m[31mError: listen EADDRINUSE: address already in use :::3129[39m[38;5;3m +3ms[39m
node:net:1940
    const ex = new UVExceptionWithHostPort(err, 'listen', address, port);
               ^

Error: listen EADDRINUSE: address already in use :::3129
    at Server.setupListenHandle [as _listen2] (node:net:1940:16)
    at listenInCluster (node:net:1997:12)
    at Server.listen (node:net:2102:7)
    at ExpressAdapter.listen (C:\Users\jewel\OneDrive\Documents\GitHub\wholesale-backend\node_modules\@nestjs\platform-express\adapters\express-adapter.js:95:32)
    at C:\Users\jewel\OneDrive\Documents\GitHub\wholesale-backend\node_modules\@nestjs\core\nest-application.js:183:30
    at new Promise (<anonymous>)
    at NestApplication.listen (C:\Users\jewel\OneDrive\Documents\GitHub\wholesale-backend\node_modules\@nestjs\core\nest-application.js:173:16)
    at async bootstrap (C:\Users\jewel\OneDrive\Documents\GitHub\wholesale-backend\src\main.ts:25:3) {
  code: 'EADDRINUSE',
  errno: -4091,
  syscall: 'listen',
  address: '::',
  port: 3129
}

Node.js v22.20.0
[31m[Nest] 38532  - [39m06/20/2026, 8:22:17 AM [31m  ERROR[39m [38;5;3m[NestApplication] [39m[31mError: listen EADDRINUSE: address already in use :::3129[39m[38;5;3m +5ms[39m
node:net:1940
    const ex = new UVExceptionWithHostPort(err, 'listen', address, port);
               ^

Error: listen EADDRINUSE: address already in use :::3129
    at Server.setupListenHandle [as _listen2] (node:net:1940:16)
    at listenInCluster (node:net:1997:12)
    at Server.listen (node:net:2102:7)
    at ExpressAdapter.listen (C:\Users\jewel\OneDrive\Documents\GitHub\wholesale-backend\node_modules\@nestjs\platform-express\adapters\express-adapter.js:95:32)
    at C:\Users\jewel\OneDrive\Documents\GitHub\wholesale-backend\node_modules\@nestjs\core\nest-application.js:183:30
    at new Promise (<anonymous>)
    at NestApplication.listen (C:\Users\jewel\OneDrive\Documents\GitHub\wholesale-backend\node_modules\@nestjs\core\nest-application.js:173:16)
    at async bootstrap (C:\Users\jewel\OneDrive\Documents\GitHub\wholesale-backend\src\main.ts:25:3) {
  code: 'EADDRINUSE',
  errno: -4091,
  syscall: 'listen',
  address: '::',
  port: 3129
}

Node.js v22.20.0
[31m[Nest] 13780  - [39m06/20/2026, 8:27:22 AM [31m  ERROR[39m [38;5;3m[NestApplication] [39m[31mError: listen EADDRINUSE: address already in use :::3129[39m[38;5;3m +4ms[39m
node:net:1940
    const ex = new UVExceptionWithHostPort(err, 'listen', address, port);
               ^

Error: listen EADDRINUSE: address already in use :::3129
    at Server.setupListenHandle [as _listen2] (node:net:1940:16)
    at listenInCluster (node:net:1997:12)
    at Server.listen (node:net:2102:7)
    at ExpressAdapter.listen (C:\Users\jewel\OneDrive\Documents\GitHub\wholesale-backend\node_modules\@nestjs\platform-express\adapters\express-adapter.js:95:32)
    at C:\Users\jewel\OneDrive\Documents\GitHub\wholesale-backend\node_modules\@nestjs\core\nest-application.js:183:30
    at new Promise (<anonymous>)
    at NestApplication.listen (C:\Users\jewel\OneDrive\Documents\GitHub\wholesale-backend\node_modules\@nestjs\core\nest-application.js:173:16)
    at async bootstrap (C:\Users\jewel\OneDrive\Documents\GitHub\wholesale-backend\src\main.ts:25:3) {
  code: 'EADDRINUSE',
  errno: -4091,
  syscall: 'listen',
  address: '::',
  port: 3129
}

Node.js v22.20.0
[31m[Nest] 30324  - [39m06/20/2026, 12:27:49 PM [31m  ERROR[39m [38;5;3m[NestApplication] [39m[31mError: listen EADDRINUSE: address already in use :::3129[39m[38;5;3m +20ms[39m
node:net:1940
    const ex = new UVExceptionWithHostPort(err, 'listen', address, port);
               ^

Error: listen EADDRINUSE: address already in use :::3129
    at Server.setupListenHandle [as _listen2] (node:net:1940:16)
    at listenInCluster (node:net:1997:12)
    at Server.listen (node:net:2102:7)
    at ExpressAdapter.listen (C:\Users\jewel\OneDrive\Documents\GitHub\wholesale-backend\node_modules\@nestjs\platform-express\adapters\express-adapter.js:95:32)
    at C:\Users\jewel\OneDrive\Documents\GitHub\wholesale-backend\node_modules\@nestjs\core\nest-application.js:183:30
    at new Promise (<anonymous>)
    at NestApplication.listen (C:\Users\jewel\OneDrive\Documents\GitHub\wholesale-backend\node_modules\@nestjs\core\nest-application.js:173:16)
    at async bootstrap (C:\Users\jewel\OneDrive\Documents\GitHub\wholesale-backend\src\main.ts:25:3) {
  code: 'EADDRINUSE',
  errno: -4091,
  syscall: 'listen',
  address: '::',
  port: 3129
}

Node.js v22.20.0
[31m[Nest] 22616  - [39m06/20/2026, 12:28:27 PM [31m  ERROR[39m [38;5;3m[NestApplication] [39m[31mError: listen EADDRINUSE: address already in use :::3129[39m[38;5;3m +6ms[39m
node:net:1940
    const ex = new UVExceptionWithHostPort(err, 'listen', address, port);
               ^

Error: listen EADDRINUSE: address already in use :::3129
    at Server.setupListenHandle [as _listen2] (node:net:1940:16)
    at listenInCluster (node:net:1997:12)
    at Server.listen (node:net:2102:7)
    at ExpressAdapter.listen (C:\Users\jewel\OneDrive\Documents\GitHub\wholesale-backend\node_modules\@nestjs\platform-express\adapters\express-adapter.js:95:32)
    at C:\Users\jewel\OneDrive\Documents\GitHub\wholesale-backend\node_modules\@nestjs\core\nest-application.js:183:30
    at new Promise (<anonymous>)
    at NestApplication.listen (C:\Users\jewel\OneDrive\Documents\GitHub\wholesale-backend\node_modules\@nestjs\core\nest-application.js:173:16)
    at async bootstrap (C:\Users\jewel\OneDrive\Documents\GitHub\wholesale-backend\src\main.ts:25:3) {
  code: 'EADDRINUSE',
  errno: -4091,
  syscall: 'listen',
  address: '::',
  port: 3129
}

Node.js v22.20.0
[31m[Nest] 16256  - [39m06/20/2026, 2:59:01 PM [31m  ERROR[39m [38;5;3m[NestApplication] [39m[31mError: listen EADDRINUSE: address already in use :::3129[39m[38;5;3m +4ms[39m
node:net:1940
    const ex = new UVExceptionWithHostPort(err, 'listen', address, port);
               ^

Error: listen EADDRINUSE: address already in use :::3129
    at Server.setupListenHandle [as _listen2] (node:net:1940:16)
    at listenInCluster (node:net:1997:12)
    at Server.listen (node:net:2102:7)
    at ExpressAdapter.listen (C:\Users\jewel\OneDrive\Documents\GitHub\wholesale-backend\node_modules\@nestjs\platform-express\adapters\express-adapter.js:95:32)
    at C:\Users\jewel\OneDrive\Documents\GitHub\wholesale-backend\node_modules\@nestjs\core\nest-application.js:183:30
    at new Promise (<anonymous>)
    at NestApplication.listen (C:\Users\jewel\OneDrive\Documents\GitHub\wholesale-backend\node_modules\@nestjs\core\nest-application.js:173:16)
    at async bootstrap (C:\Users\jewel\OneDrive\Documents\GitHub\wholesale-backend\src\main.ts:25:3) {
  code: 'EADDRINUSE',
  errno: -4091,
  syscall: 'listen',
  address: '::',
  port: 3129
}

Node.js v22.20.0
[31m[Nest] 40320  - [39m06/20/2026, 3:24:54 PM [31m  ERROR[39m [38;5;3m[NestApplication] [39m[31mError: listen EADDRINUSE: address already in use :::3129[39m[38;5;3m +24ms[39m
node:net:1940
    const ex = new UVExceptionWithHostPort(err, 'listen', address, port);
               ^

Error: listen EADDRINUSE: address already in use :::3129
    at Server.setupListenHandle [as _listen2] (node:net:1940:16)
    at listenInCluster (node:net:1997:12)
    at Server.listen (node:net:2102:7)
    at ExpressAdapter.listen (C:\Users\jewel\OneDrive\Documents\GitHub\wholesale-backend\node_modules\@nestjs\platform-express\adapters\express-adapter.js:95:32)
    at C:\Users\jewel\OneDrive\Documents\GitHub\wholesale-backend\node_modules\@nestjs\core\nest-application.js:183:30
    at new Promise (<anonymous>)
    at NestApplication.listen (C:\Users\jewel\OneDrive\Documents\GitHub\wholesale-backend\node_modules\@nestjs\core\nest-application.js:173:16)
    at async bootstrap (C:\Users\jewel\OneDrive\Documents\GitHub\wholesale-backend\src\main.ts:25:3) {
  code: 'EADDRINUSE',
  errno: -4091,
  syscall: 'listen',
  address: '::',
  port: 3129
}

Node.js v22.20.0
node:internal/modules/cjs/loader:1386
  throw err;
  ^

Error: Cannot find module 'C:\Users\jewel\OneDrive\Documents\GitHub\wholesale-backend\dist\main'
    at Function._resolveFilename (node:internal/modules/cjs/loader:1383:15)
    at defaultResolveImpl (node:internal/modules/cjs/loader:1025:19)
    at resolveForCJSWithHooks (node:internal/modules/cjs/loader:1030:22)
    at Function._load (node:internal/modules/cjs/loader:1192:37)
    at TracingChannel.traceSync (node:diagnostics_channel:322:14)
    at wrapModuleLoad (node:internal/modules/cjs/loader:237:24)
    at Function.executeUserEntryPoint [as runMain] (node:internal/modules/run_main:171:5)
    at node:internal/main/run_main_module:36:49 {
  code: 'MODULE_NOT_FOUND',
  requireStack: []
}

Node.js v22.20.0
node:internal/modules/cjs/loader:1386
  throw err;
  ^

Error: Cannot find module 'C:\Users\jewel\OneDrive\Documents\GitHub\wholesale-backend\dist\main'
    at Function._resolveFilename (node:internal/modules/cjs/loader:1383:15)
    at defaultResolveImpl (node:internal/modules/cjs/loader:1025:19)
    at resolveForCJSWithHooks (node:internal/modules/cjs/loader:1030:22)
    at Function._load (node:internal/modules/cjs/loader:1192:37)
    at TracingChannel.traceSync (node:diagnostics_channel:322:14)
    at wrapModuleLoad (node:internal/modules/cjs/loader:237:24)
    at Function.executeUserEntryPoint [as runMain] (node:internal/modules/run_main:171:5)
    at node:internal/main/run_main_module:36:49 {
  code: 'MODULE_NOT_FOUND',
  requireStack: []
}

Node.js v22.20.0
node:internal/modules/cjs/loader:1386
  throw err;
  ^

Error: Cannot find module 'C:\Users\jewel\OneDrive\Documents\GitHub\wholesale-backend\dist\main'
    at Function._resolveFilename (node:internal/modules/cjs/loader:1383:15)
    at defaultResolveImpl (node:internal/modules/cjs/loader:1025:19)
    at resolveForCJSWithHooks (node:internal/modules/cjs/loader:1030:22)
    at Function._load (node:internal/modules/cjs/loader:1192:37)
    at TracingChannel.traceSync (node:diagnostics_channel:322:14)
    at wrapModuleLoad (node:internal/modules/cjs/loader:237:24)
    at Function.executeUserEntryPoint [as runMain] (node:internal/modules/run_main:171:5)
    at node:internal/main/run_main_module:36:49 {
  code: 'MODULE_NOT_FOUND',
  requireStack: []
}

Node.js v22.20.0
[31m[Nest] 40396  - [39m06/20/2026, 4:13:47 PM [31m  ERROR[39m [38;5;3m[NestApplication] [39m[31mError: listen EADDRINUSE: address already in use :::3129[39m[38;5;3m +17ms[39m
node:net:1940
    const ex = new UVExceptionWithHostPort(err, 'listen', address, port);
               ^

Error: listen EADDRINUSE: address already in use :::3129
    at Server.setupListenHandle [as _listen2] (node:net:1940:16)
    at listenInCluster (node:net:1997:12)
    at Server.listen (node:net:2102:7)
    at ExpressAdapter.listen (C:\Users\jewel\OneDrive\Documents\GitHub\wholesale-backend\node_modules\@nestjs\platform-express\adapters\express-adapter.js:95:32)
    at C:\Users\jewel\OneDrive\Documents\GitHub\wholesale-backend\node_modules\@nestjs\core\nest-application.js:183:30
    at new Promise (<anonymous>)
    at NestApplication.listen (C:\Users\jewel\OneDrive\Documents\GitHub\wholesale-backend\node_modules\@nestjs\core\nest-application.js:173:16)
    at async bootstrap (C:\Users\jewel\OneDrive\Documents\GitHub\wholesale-backend\src\main.ts:25:3) {
  code: 'EADDRINUSE',
  errno: -4091,
  syscall: 'listen',
  address: '::',
  port: 3129
}

Node.js v22.20.0
[31m[Nest] 40692  - [39m06/20/2026, 4:14:34 PM [31m  ERROR[39m [38;5;3m[NestApplication] [39m[31mError: listen EADDRINUSE: address already in use :::3129[39m[38;5;3m +3ms[39m
node:net:1940
    const ex = new UVExceptionWithHostPort(err, 'listen', address, port);
               ^

Error: listen EADDRINUSE: address already in use :::3129
    at Server.setupListenHandle [as _listen2] (node:net:1940:16)
    at listenInCluster (node:net:1997:12)
    at Server.listen (node:net:2102:7)
    at ExpressAdapter.listen (C:\Users\jewel\OneDrive\Documents\GitHub\wholesale-backend\node_modules\@nestjs\platform-express\adapters\express-adapter.js:95:32)
    at C:\Users\jewel\OneDrive\Documents\GitHub\wholesale-backend\node_modules\@nestjs\core\nest-application.js:183:30
    at new Promise (<anonymous>)
    at NestApplication.listen (C:\Users\jewel\OneDrive\Documents\GitHub\wholesale-backend\node_modules\@nestjs\core\nest-application.js:173:16)
    at async bootstrap (C:\Users\jewel\OneDrive\Documents\GitHub\wholesale-backend\src\main.ts:25:3) {
  code: 'EADDRINUSE',
  errno: -4091,
  syscall: 'listen',
  address: '::',
  port: 3129
}

Node.js v22.20.0
node:internal/modules/cjs/loader:1386
  throw err;
  ^

Error: Cannot find module './app.controller'
Require stack:
- C:\Users\jewel\OneDrive\Documents\GitHub\wholesale-backend\dist\app.module.js
- C:\Users\jewel\OneDrive\Documents\GitHub\wholesale-backend\dist\main.js
    at Function._resolveFilename (node:internal/modules/cjs/loader:1383:15)
    at defaultResolveImpl (node:internal/modules/cjs/loader:1025:19)
    at resolveForCJSWithHooks (node:internal/modules/cjs/loader:1030:22)
    at Function._load (node:internal/modules/cjs/loader:1192:37)
    at TracingChannel.traceSync (node:diagnostics_channel:322:14)
    at wrapModuleLoad (node:internal/modules/cjs/loader:237:24)
    at Module.require (node:internal/modules/cjs/loader:1463:12)
    at require (node:internal/modules/helpers:147:16)
    at Object.<anonymous> (C:\Users\jewel\OneDrive\Documents\GitHub\wholesale-backend\src\app.module.ts:6:1)
    at Module._compile (node:internal/modules/cjs/loader:1706:14) {
  code: 'MODULE_NOT_FOUND',
  requireStack: [
    'C:\\Users\\jewel\\OneDrive\\Documents\\GitHub\\wholesale-backend\\dist\\app.module.js',
    'C:\\Users\\jewel\\OneDrive\\Documents\\GitHub\\wholesale-backend\\dist\\main.js'
  ]
}

Node.js v22.20.0
node:internal/modules/cjs/loader:1386
  throw err;
  ^

Error: Cannot find module 'C:\Users\jewel\OneDrive\Documents\GitHub\wholesale-backend\dist\main'
    at Function._resolveFilename (node:internal/modules/cjs/loader:1383:15)
    at defaultResolveImpl (node:internal/modules/cjs/loader:1025:19)
    at resolveForCJSWithHooks (node:internal/modules/cjs/loader:1030:22)
    at Function._load (node:internal/modules/cjs/loader:1192:37)
    at TracingChannel.traceSync (node:diagnostics_channel:322:14)
    at wrapModuleLoad (node:internal/modules/cjs/loader:237:24)
    at Function.executeUserEntryPoint [as runMain] (node:internal/modules/run_main:171:5)
    at node:internal/main/run_main_module:36:49 {
  code: 'MODULE_NOT_FOUND',
  requireStack: []
}

Node.js v22.20.0
node:internal/modules/cjs/loader:1386
  throw err;
  ^

Error: Cannot find module 'C:\Users\jewel\OneDrive\Documents\GitHub\wholesale-backend\dist\main'
    at Function._resolveFilename (node:internal/modules/cjs/loader:1383:15)
    at defaultResolveImpl (node:internal/modules/cjs/loader:1025:19)
    at resolveForCJSWithHooks (node:internal/modules/cjs/loader:1030:22)
    at Function._load (node:internal/modules/cjs/loader:1192:37)
    at TracingChannel.traceSync (node:diagnostics_channel:322:14)
    at wrapModuleLoad (node:internal/modules/cjs/loader:237:24)
    at Function.executeUserEntryPoint [as runMain] (node:internal/modules/run_main:171:5)
    at node:internal/main/run_main_module:36:49 {
  code: 'MODULE_NOT_FOUND',
  requireStack: []
}

Node.js v22.20.0
node:internal/modules/cjs/loader:1386
  throw err;
  ^

Error: Cannot find module 'C:\Users\jewel\OneDrive\Documents\GitHub\wholesale-backend\dist\main'
    at Function._resolveFilename (node:internal/modules/cjs/loader:1383:15)
    at defaultResolveImpl (node:internal/modules/cjs/loader:1025:19)
    at resolveForCJSWithHooks (node:internal/modules/cjs/loader:1030:22)
    at Function._load (node:internal/modules/cjs/loader:1192:37)
    at TracingChannel.traceSync (node:diagnostics_channel:322:14)
    at wrapModuleLoad (node:internal/modules/cjs/loader:237:24)
    at Function.executeUserEntryPoint [as runMain] (node:internal/modules/run_main:171:5)
    at node:internal/main/run_main_module:36:49 {
  code: 'MODULE_NOT_FOUND',
  requireStack: []
}

Node.js v22.20.0
[31m[Nest] 37360  - [39m06/20/2026, 5:27:33 PM [31m  ERROR[39m [38;5;3m[NestApplication] [39m[31mError: listen EADDRINUSE: address already in use :::3129[39m[38;5;3m +15ms[39m
node:net:1940
    const ex = new UVExceptionWithHostPort(err, 'listen', address, port);
               ^

Error: listen EADDRINUSE: address already in use :::3129
    at Server.setupListenHandle [as _listen2] (node:net:1940:16)
    at listenInCluster (node:net:1997:12)
    at Server.listen (node:net:2102:7)
    at ExpressAdapter.listen (C:\Users\jewel\OneDrive\Documents\GitHub\wholesale-backend\node_modules\@nestjs\platform-express\adapters\express-adapter.js:95:32)
    at C:\Users\jewel\OneDrive\Documents\GitHub\wholesale-backend\node_modules\@nestjs\core\nest-application.js:183:30
    at new Promise (<anonymous>)
    at NestApplication.listen (C:\Users\jewel\OneDrive\Documents\GitHub\wholesale-backend\node_modules\@nestjs\core\nest-application.js:173:16)
    at async bootstrap (C:\Users\jewel\OneDrive\Documents\GitHub\wholesale-backend\src\main.ts:25:3) {
  code: 'EADDRINUSE',
  errno: -4091,
  syscall: 'listen',
  address: '::',
  port: 3129
}

Node.js v22.20.0
[31m[Nest] 40800  - [39m06/20/2026, 5:57:37 PM [31m  ERROR[39m [38;5;3m[NestApplication] [39m[31mError: listen EADDRINUSE: address already in use :::3129[39m[38;5;3m +4ms[39m
node:net:1940
    const ex = new UVExceptionWithHostPort(err, 'listen', address, port);
               ^

Error: listen EADDRINUSE: address already in use :::3129
    at Server.setupListenHandle [as _listen2] (node:net:1940:16)
    at listenInCluster (node:net:1997:12)
    at Server.listen (node:net:2102:7)
    at ExpressAdapter.listen (C:\Users\jewel\OneDrive\Documents\GitHub\wholesale-backend\node_modules\@nestjs\platform-express\adapters\express-adapter.js:95:32)
    at C:\Users\jewel\OneDrive\Documents\GitHub\wholesale-backend\node_modules\@nestjs\core\nest-application.js:183:30
    at new Promise (<anonymous>)
    at NestApplication.listen (C:\Users\jewel\OneDrive\Documents\GitHub\wholesale-backend\node_modules\@nestjs\core\nest-application.js:173:16)
    at async bootstrap (C:\Users\jewel\OneDrive\Documents\GitHub\wholesale-backend\src\main.ts:25:3) {
  code: 'EADDRINUSE',
  errno: -4091,
  syscall: 'listen',
  address: '::',
  port: 3129
}

Node.js v22.20.0
[31m[Nest] 36332  - [39m06/20/2026, 10:04:17 PM [31m  ERROR[39m [38;5;3m[NestApplication] [39m[31mError: listen EADDRINUSE: address already in use :::3129[39m[38;5;3m +3ms[39m
node:net:1940
    const ex = new UVExceptionWithHostPort(err, 'listen', address, port);
               ^

Error: listen EADDRINUSE: address already in use :::3129
    at Server.setupListenHandle [as _listen2] (node:net:1940:16)
    at listenInCluster (node:net:1997:12)
    at Server.listen (node:net:2102:7)
    at ExpressAdapter.listen (C:\Users\jewel\OneDrive\Documents\GitHub\wholesale-backend\node_modules\@nestjs\platform-express\adapters\express-adapter.js:95:32)
    at C:\Users\jewel\OneDrive\Documents\GitHub\wholesale-backend\node_modules\@nestjs\core\nest-application.js:183:30
    at new Promise (<anonymous>)
    at NestApplication.listen (C:\Users\jewel\OneDrive\Documents\GitHub\wholesale-backend\node_modules\@nestjs\core\nest-application.js:173:16)
    at async bootstrap (C:\Users\jewel\OneDrive\Documents\GitHub\wholesale-backend\src\main.ts:25:3) {
  code: 'EADDRINUSE',
  errno: -4091,
  syscall: 'listen',
  address: '::',
  port: 3129
}

Node.js v22.20.0
[31m[Nest] 29308  - [39m06/20/2026, 10:12:42 PM [31m  ERROR[39m [38;5;3m[NestApplication] [39m[31mError: listen EADDRINUSE: address already in use :::3129[39m[38;5;3m +3ms[39m
node:net:1940
    const ex = new UVExceptionWithHostPort(err, 'listen', address, port);
               ^

Error: listen EADDRINUSE: address already in use :::3129
    at Server.setupListenHandle [as _listen2] (node:net:1940:16)
    at listenInCluster (node:net:1997:12)
    at Server.listen (node:net:2102:7)
    at ExpressAdapter.listen (C:\Users\jewel\OneDrive\Documents\GitHub\wholesale-backend\node_modules\@nestjs\platform-express\adapters\express-adapter.js:95:32)
    at C:\Users\jewel\OneDrive\Documents\GitHub\wholesale-backend\node_modules\@nestjs\core\nest-application.js:183:30
    at new Promise (<anonymous>)
    at NestApplication.listen (C:\Users\jewel\OneDrive\Documents\GitHub\wholesale-backend\node_modules\@nestjs\core\nest-application.js:173:16)
    at async bootstrap (C:\Users\jewel\OneDrive\Documents\GitHub\wholesale-backend\src\main.ts:25:3) {
  code: 'EADDRINUSE',
  errno: -4091,
  syscall: 'listen',
  address: '::',
  port: 3129
}

Node.js v22.20.0
[31m[Nest] 16264  - [39m06/20/2026, 10:14:48 PM [31m  ERROR[39m [38;5;3m[NestApplication] [39m[31mError: listen EADDRINUSE: address already in use :::3129[39m[38;5;3m +42ms[39m
node:net:1940
    const ex = new UVExceptionWithHostPort(err, 'listen', address, port);
               ^

Error: listen EADDRINUSE: address already in use :::3129
    at Server.setupListenHandle [as _listen2] (node:net:1940:16)
    at listenInCluster (node:net:1997:12)
    at Server.listen (node:net:2102:7)
    at ExpressAdapter.listen (C:\Users\jewel\OneDrive\Documents\GitHub\wholesale-backend\node_modules\@nestjs\platform-express\adapters\express-adapter.js:95:32)
    at C:\Users\jewel\OneDrive\Documents\GitHub\wholesale-backend\node_modules\@nestjs\core\nest-application.js:183:30
    at new Promise (<anonymous>)
    at NestApplication.listen (C:\Users\jewel\OneDrive\Documents\GitHub\wholesale-backend\node_modules\@nestjs\core\nest-application.js:173:16)
    at async bootstrap (C:\Users\jewel\OneDrive\Documents\GitHub\wholesale-backend\src\main.ts:25:3) {
  code: 'EADDRINUSE',
  errno: -4091,
  syscall: 'listen',
  address: '::',
  port: 3129
}

Node.js v22.20.0
[31m[Nest] 23604  - [39m06/20/2026, 10:16:37 PM [31m  ERROR[39m [38;5;3m[NestApplication] [39m[31mError: listen EADDRINUSE: address already in use :::3129[39m[38;5;3m +3ms[39m
node:net:1940
    const ex = new UVExceptionWithHostPort(err, 'listen', address, port);
               ^

Error: listen EADDRINUSE: address already in use :::3129
    at Server.setupListenHandle [as _listen2] (node:net:1940:16)
    at listenInCluster (node:net:1997:12)
    at Server.listen (node:net:2102:7)
    at ExpressAdapter.listen (C:\Users\jewel\OneDrive\Documents\GitHub\wholesale-backend\node_modules\@nestjs\platform-express\adapters\express-adapter.js:95:32)
    at C:\Users\jewel\OneDrive\Documents\GitHub\wholesale-backend\node_modules\@nestjs\core\nest-application.js:183:30
    at new Promise (<anonymous>)
    at NestApplication.listen (C:\Users\jewel\OneDrive\Documents\GitHub\wholesale-backend\node_modules\@nestjs\core\nest-application.js:173:16)
    at async bootstrap (C:\Users\jewel\OneDrive\Documents\GitHub\wholesale-backend\src\main.ts:25:3) {
  code: 'EADDRINUSE',
  errno: -4091,
  syscall: 'listen',
  address: '::',
  port: 3129
}

Node.js v22.20.0
[31m[Nest] 26880  - [39m06/20/2026, 10:19:06 PM [31m  ERROR[39m [38;5;3m[NestApplication] [39m[31mError: listen EADDRINUSE: address already in use :::3129[39m[38;5;3m +5ms[39m
node:net:1940
    const ex = new UVExceptionWithHostPort(err, 'listen', address, port);
               ^

Error: listen EADDRINUSE: address already in use :::3129
    at Server.setupListenHandle [as _listen2] (node:net:1940:16)
    at listenInCluster (node:net:1997:12)
    at Server.listen (node:net:2102:7)
    at ExpressAdapter.listen (C:\Users\jewel\OneDrive\Documents\GitHub\wholesale-backend\node_modules\@nestjs\platform-express\adapters\express-adapter.js:95:32)
    at C:\Users\jewel\OneDrive\Documents\GitHub\wholesale-backend\node_modules\@nestjs\core\nest-application.js:183:30
    at new Promise (<anonymous>)
    at NestApplication.listen (C:\Users\jewel\OneDrive\Documents\GitHub\wholesale-backend\node_modules\@nestjs\core\nest-application.js:173:16)
    at async bootstrap (C:\Users\jewel\OneDrive\Documents\GitHub\wholesale-backend\src\main.ts:25:3) {
  code: 'EADDRINUSE',
  errno: -4091,
  syscall: 'listen',
  address: '::',
  port: 3129
}

Node.js v22.20.0
[31m[Nest] 34576  - [39m06/20/2026, 10:41:19 PM [31m  ERROR[39m [38;5;3m[NestApplication] [39m[31mError: listen EADDRINUSE: address already in use :::3129[39m[38;5;3m +6ms[39m
node:net:1940
    const ex = new UVExceptionWithHostPort(err, 'listen', address, port);
               ^

Error: listen EADDRINUSE: address already in use :::3129
    at Server.setupListenHandle [as _listen2] (node:net:1940:16)
    at listenInCluster (node:net:1997:12)
    at Server.listen (node:net:2102:7)
    at ExpressAdapter.listen (C:\Users\jewel\OneDrive\Documents\GitHub\wholesale-backend\node_modules\@nestjs\platform-express\adapters\express-adapter.js:95:32)
    at C:\Users\jewel\OneDrive\Documents\GitHub\wholesale-backend\node_modules\@nestjs\core\nest-application.js:183:30
    at new Promise (<anonymous>)
    at NestApplication.listen (C:\Users\jewel\OneDrive\Documents\GitHub\wholesale-backend\node_modules\@nestjs\core\nest-application.js:173:16)
    at async bootstrap (C:\Users\jewel\OneDrive\Documents\GitHub\wholesale-backend\src\main.ts:25:3) {
  code: 'EADDRINUSE',
  errno: -4091,
  syscall: 'listen',
  address: '::',
  port: 3129
}

Node.js v22.20.0
[31m[Nest] 37640  - [39m06/20/2026, 10:42:26 PM [31m  ERROR[39m [38;5;3m[NestApplication] [39m[31mError: listen EADDRINUSE: address already in use :::3129[39m[38;5;3m +3ms[39m
node:net:1940
    const ex = new UVExceptionWithHostPort(err, 'listen', address, port);
               ^

Error: listen EADDRINUSE: address already in use :::3129
    at Server.setupListenHandle [as _listen2] (node:net:1940:16)
    at listenInCluster (node:net:1997:12)
    at Server.listen (node:net:2102:7)
    at ExpressAdapter.listen (C:\Users\jewel\OneDrive\Documents\GitHub\wholesale-backend\node_modules\@nestjs\platform-express\adapters\express-adapter.js:95:32)
    at C:\Users\jewel\OneDrive\Documents\GitHub\wholesale-backend\node_modules\@nestjs\core\nest-application.js:183:30
    at new Promise (<anonymous>)
    at NestApplication.listen (C:\Users\jewel\OneDrive\Documents\GitHub\wholesale-backend\node_modules\@nestjs\core\nest-application.js:173:16)
    at async bootstrap (C:\Users\jewel\OneDrive\Documents\GitHub\wholesale-backend\src\main.ts:25:3) {
  code: 'EADDRINUSE',
  errno: -4091,
  syscall: 'listen',
  address: '::',
  port: 3129
}

Node.js v22.20.0
[31m[Nest] 42804  - [39m06/21/2026, 12:04:36 AM [31m  ERROR[39m [38;5;3m[NestApplication] [39m[31mError: listen EADDRINUSE: address already in use :::3129[39m[38;5;3m +4ms[39m
node:net:1940
    const ex = new UVExceptionWithHostPort(err, 'listen', address, port);
               ^

Error: listen EADDRINUSE: address already in use :::3129
    at Server.setupListenHandle [as _listen2] (node:net:1940:16)
    at listenInCluster (node:net:1997:12)
    at Server.listen (node:net:2102:7)
    at ExpressAdapter.listen (C:\Users\jewel\OneDrive\Documents\GitHub\wholesale-backend\node_modules\@nestjs\platform-express\adapters\express-adapter.js:95:32)
    at C:\Users\jewel\OneDrive\Documents\GitHub\wholesale-backend\node_modules\@nestjs\core\nest-application.js:183:30
    at new Promise (<anonymous>)
    at NestApplication.listen (C:\Users\jewel\OneDrive\Documents\GitHub\wholesale-backend\node_modules\@nestjs\core\nest-application.js:173:16)
    at async bootstrap (C:\Users\jewel\OneDrive\Documents\GitHub\wholesale-backend\src\main.ts:25:3) {
  code: 'EADDRINUSE',
  errno: -4091,
  syscall: 'listen',
  address: '::',
  port: 3129
}

Node.js v22.20.0
[31m[Nest] 42964  - [39m06/21/2026, 12:05:40 AM [31m  ERROR[39m [38;5;3m[NestApplication] [39m[31mError: listen EADDRINUSE: address already in use :::3129[39m[38;5;3m +3ms[39m
node:net:1940
    const ex = new UVExceptionWithHostPort(err, 'listen', address, port);
               ^

Error: listen EADDRINUSE: address already in use :::3129
    at Server.setupListenHandle [as _listen2] (node:net:1940:16)
    at listenInCluster (node:net:1997:12)
    at Server.listen (node:net:2102:7)
    at ExpressAdapter.listen (C:\Users\jewel\OneDrive\Documents\GitHub\wholesale-backend\node_modules\@nestjs\platform-express\adapters\express-adapter.js:95:32)
    at C:\Users\jewel\OneDrive\Documents\GitHub\wholesale-backend\node_modules\@nestjs\core\nest-application.js:183:30
    at new Promise (<anonymous>)
    at NestApplication.listen (C:\Users\jewel\OneDrive\Documents\GitHub\wholesale-backend\node_modules\@nestjs\core\nest-application.js:173:16)
    at async bootstrap (C:\Users\jewel\OneDrive\Documents\GitHub\wholesale-backend\src\main.ts:25:3) {
  code: 'EADDRINUSE',
  errno: -4091,
  syscall: 'listen',
  address: '::',
  port: 3129
}

Node.js v22.20.0
[31m[Nest] 33620  - [39m06/21/2026, 12:13:45 AM [31m  ERROR[39m [38;5;3m[NestApplication] [39m[31mError: listen EADDRINUSE: address already in use :::3129[39m[38;5;3m +3ms[39m
node:net:1940
    const ex = new UVExceptionWithHostPort(err, 'listen', address, port);
               ^

Error: listen EADDRINUSE: address already in use :::3129
    at Server.setupListenHandle [as _listen2] (node:net:1940:16)
    at listenInCluster (node:net:1997:12)
    at Server.listen (node:net:2102:7)
    at ExpressAdapter.listen (C:\Users\jewel\OneDrive\Documents\GitHub\wholesale-backend\node_modules\@nestjs\platform-express\adapters\express-adapter.js:95:32)
    at C:\Users\jewel\OneDrive\Documents\GitHub\wholesale-backend\node_modules\@nestjs\core\nest-application.js:183:30
    at new Promise (<anonymous>)
    at NestApplication.listen (C:\Users\jewel\OneDrive\Documents\GitHub\wholesale-backend\node_modules\@nestjs\core\nest-application.js:173:16)
    at async bootstrap (C:\Users\jewel\OneDrive\Documents\GitHub\wholesale-backend\src\main.ts:25:3) {
  code: 'EADDRINUSE',
  errno: -4091,
  syscall: 'listen',
  address: '::',
  port: 3129
}

Node.js v22.20.0
node:internal/modules/cjs/loader:1386
  throw err;
  ^

Error: Cannot find module 'C:\Users\jewel\OneDrive\Documents\GitHub\wholesale-backend\dist\main'
    at Function._resolveFilename (node:internal/modules/cjs/loader:1383:15)
    at defaultResolveImpl (node:internal/modules/cjs/loader:1025:19)
    at resolveForCJSWithHooks (node:internal/modules/cjs/loader:1030:22)
    at Function._load (node:internal/modules/cjs/loader:1192:37)
    at TracingChannel.traceSync (node:diagnostics_channel:322:14)
    at wrapModuleLoad (node:internal/modules/cjs/loader:237:24)
    at Function.executeUserEntryPoint [as runMain] (node:internal/modules/run_main:171:5)
    at node:internal/main/run_main_module:36:49 {
  code: 'MODULE_NOT_FOUND',
  requireStack: []
}

Node.js v22.20.0
node:internal/modules/cjs/loader:1386
  throw err;
  ^

Error: Cannot find module 'C:\Users\jewel\OneDrive\Documents\GitHub\wholesale-backend\dist\main'
    at Function._resolveFilename (node:internal/modules/cjs/loader:1383:15)
    at defaultResolveImpl (node:internal/modules/cjs/loader:1025:19)
    at resolveForCJSWithHooks (node:internal/modules/cjs/loader:1030:22)
    at Function._load (node:internal/modules/cjs/loader:1192:37)
    at TracingChannel.traceSync (node:diagnostics_channel:322:14)
    at wrapModuleLoad (node:internal/modules/cjs/loader:237:24)
    at Function.executeUserEntryPoint [as runMain] (node:internal/modules/run_main:171:5)
    at node:internal/main/run_main_module:36:49 {
  code: 'MODULE_NOT_FOUND',
  requireStack: []
}

Node.js v22.20.0
node:internal/modules/cjs/loader:1386
  throw err;
  ^

Error: Cannot find module 'C:\Users\jewel\OneDrive\Documents\GitHub\wholesale-backend\dist\main'
    at Function._resolveFilename (node:internal/modules/cjs/loader:1383:15)
    at defaultResolveImpl (node:internal/modules/cjs/loader:1025:19)
    at resolveForCJSWithHooks (node:internal/modules/cjs/loader:1030:22)
    at Function._load (node:internal/modules/cjs/loader:1192:37)
    at TracingChannel.traceSync (node:diagnostics_channel:322:14)
    at wrapModuleLoad (node:internal/modules/cjs/loader:237:24)
    at Function.executeUserEntryPoint [as runMain] (node:internal/modules/run_main:171:5)
    at node:internal/main/run_main_module:36:49 {
  code: 'MODULE_NOT_FOUND',
  requireStack: []
}

Node.js v22.20.0
node:internal/modules/cjs/loader:1386
  throw err;
  ^

Error: Cannot find module 'C:\Users\jewel\OneDrive\Documents\GitHub\wholesale-backend\dist\main'
    at Function._resolveFilename (node:internal/modules/cjs/loader:1383:15)
    at defaultResolveImpl (node:internal/modules/cjs/loader:1025:19)
    at resolveForCJSWithHooks (node:internal/modules/cjs/loader:1030:22)
    at Function._load (node:internal/modules/cjs/loader:1192:37)
    at TracingChannel.traceSync (node:diagnostics_channel:322:14)
    at wrapModuleLoad (node:internal/modules/cjs/loader:237:24)
    at Function.executeUserEntryPoint [as runMain] (node:internal/modules/run_main:171:5)
    at node:internal/main/run_main_module:36:49 {
  code: 'MODULE_NOT_FOUND',
  requireStack: []
}

Node.js v22.20.0
[31m[Nest] 42372  - [39m06/21/2026, 1:28:34 AM [31m  ERROR[39m [38;5;3m[NestApplication] [39m[31mError: listen EADDRINUSE: address already in use :::3129[39m[38;5;3m +4ms[39m
node:net:1940
    const ex = new UVExceptionWithHostPort(err, 'listen', address, port);
               ^

Error: listen EADDRINUSE: address already in use :::3129
    at Server.setupListenHandle [as _listen2] (node:net:1940:16)
    at listenInCluster (node:net:1997:12)
    at Server.listen (node:net:2102:7)
    at ExpressAdapter.listen (C:\Users\jewel\OneDrive\Documents\GitHub\wholesale-backend\node_modules\@nestjs\platform-express\adapters\express-adapter.js:95:32)
    at C:\Users\jewel\OneDrive\Documents\GitHub\wholesale-backend\node_modules\@nestjs\core\nest-application.js:183:30
    at new Promise (<anonymous>)
    at NestApplication.listen (C:\Users\jewel\OneDrive\Documents\GitHub\wholesale-backend\node_modules\@nestjs\core\nest-application.js:173:16)
    at async bootstrap (C:\Users\jewel\OneDrive\Documents\GitHub\wholesale-backend\src\main.ts:25:3) {
  code: 'EADDRINUSE',
  errno: -4091,
  syscall: 'listen',
  address: '::',
  port: 3129
}

Node.js v22.20.0
