[31m[Nest] 18512  - [39m06/16/2026, 12:43:22 PM [31m  ERROR[39m [38;5;3m[ExceptionsHandler] [39m[31mcolumn TenantInvoice.invoicetotalwithoutdiscount does not exist[39m
QueryFailedError: column TenantInvoice.invoicetotalwithoutdiscount does not exist
    at PostgresQueryRunner.query (C:\Users\jewel\OneDrive\Documents\GitHub\wholesale-backend\node_modules\typeorm\driver\src\driver\postgres\PostgresQueryRunner.ts:331:19)
    at process.processTicksAndRejections (node:internal/process/task_queues:105:5)
    at async SelectQueryBuilder.loadRawResults (C:\Users\jewel\OneDrive\Documents\GitHub\wholesale-backend\node_modules\typeorm\query-builder\src\query-builder\SelectQueryBuilder.ts:3805:25)
    at async SelectQueryBuilder.executeEntitiesAndRawResults (C:\Users\jewel\OneDrive\Documents\GitHub\wholesale-backend\node_modules\typeorm\query-builder\src\query-builder\SelectQueryBuilder.ts:3551:26)
    at async SelectQueryBuilder.getRawAndEntities (C:\Users\jewel\OneDrive\Documents\GitHub\wholesale-backend\node_modules\typeorm\query-builder\src\query-builder\SelectQueryBuilder.ts:1670:29)
    at async SelectQueryBuilder.getOne (C:\Users\jewel\OneDrive\Documents\GitHub\wholesale-backend\node_modules\typeorm\query-builder\src\query-builder\SelectQueryBuilder.ts:1697:25)
    at async StoreService.sendInvoiceSMS (C:\Users\jewel\OneDrive\Documents\GitHub\wholesale-backend\src\store\store.service.ts:12042:23)
    at async StoreController.sendInvoiceSMS (C:\Users\jewel\OneDrive\Documents\GitHub\wholesale-backend\src\store\store.controller.ts:275:20)
    at async C:\Users\jewel\OneDrive\Documents\GitHub\wholesale-backend\node_modules\@nestjs\core\router\router-execution-context.js:46:28
    at async C:\Users\jewel\OneDrive\Documents\GitHub\wholesale-backend\node_modules\@nestjs\core\router\router-proxy.js:9:17
[31m[Nest] 18512  - [39m06/16/2026, 12:48:59 PM [31m  ERROR[39m [38;5;3m[ExceptionsHandler] [39m[31mcolumn TenantInvoice.invoicetotalwithoutdiscount does not exist[39m
QueryFailedError: column TenantInvoice.invoicetotalwithoutdiscount does not exist
    at PostgresQueryRunner.query (C:\Users\jewel\OneDrive\Documents\GitHub\wholesale-backend\node_modules\typeorm\driver\src\driver\postgres\PostgresQueryRunner.ts:331:19)
    at process.processTicksAndRejections (node:internal/process/task_queues:105:5)
    at async SelectQueryBuilder.loadRawResults (C:\Users\jewel\OneDrive\Documents\GitHub\wholesale-backend\node_modules\typeorm\query-builder\src\query-builder\SelectQueryBuilder.ts:3805:25)
    at async SelectQueryBuilder.executeEntitiesAndRawResults (C:\Users\jewel\OneDrive\Documents\GitHub\wholesale-backend\node_modules\typeorm\query-builder\src\query-builder\SelectQueryBuilder.ts:3551:26)
    at async SelectQueryBuilder.getRawAndEntities (C:\Users\jewel\OneDrive\Documents\GitHub\wholesale-backend\node_modules\typeorm\query-builder\src\query-builder\SelectQueryBuilder.ts:1670:29)
    at async SelectQueryBuilder.getOne (C:\Users\jewel\OneDrive\Documents\GitHub\wholesale-backend\node_modules\typeorm\query-builder\src\query-builder\SelectQueryBuilder.ts:1697:25)
    at async StoreService.sendInvoiceSMS (C:\Users\jewel\OneDrive\Documents\GitHub\wholesale-backend\src\store\store.service.ts:12042:23)
    at async StoreController.sendInvoiceSMS (C:\Users\jewel\OneDrive\Documents\GitHub\wholesale-backend\src\store\store.controller.ts:275:20)
    at async C:\Users\jewel\OneDrive\Documents\GitHub\wholesale-backend\node_modules\@nestjs\core\router\router-execution-context.js:46:28
    at async C:\Users\jewel\OneDrive\Documents\GitHub\wholesale-backend\node_modules\@nestjs\core\router\router-proxy.js:9:17
[31m[Nest] 27972  - [39m06/16/2026, 12:54:59 PM [31m  ERROR[39m [38;5;3m[NestApplication] [39m[31mError: listen EADDRINUSE: address already in use :::3129[39m[38;5;3m +1ms[39m
node:net:1940
    const ex = new UVExceptionWithHostPort(err, 'listen', address, port);
               ^

Error: listen EADDRINUSE: address already in use :::3129
    at Server.setupListenHandle [as _listen2] (node:net:1940:16)
    at listenInCluster (node:net:1997:12)
    at Server.listen (node:net:2102:7)
    at ExpressAdapter.listen (C:\Users\jewel\OneDrive\Documents\GitHub\wholesale-backend\node_modules\@nestjs\platform-express\adapters\express-adapter.js:95:32)
    at C:\Users\jewel\OneDrive\Documents\GitHub\wholesale-backend\node_modules\@nestjs\core\nest-application.js:183:30
    at new Promise (<anonymous>)
    at NestApplication.listen (C:\Users\jewel\OneDrive\Documents\GitHub\wholesale-backend\node_modules\@nestjs\core\nest-application.js:173:16)
    at async bootstrap (C:\Users\jewel\OneDrive\Documents\GitHub\wholesale-backend\src\main.ts:25:3) {
  code: 'EADDRINUSE',
  errno: -4091,
  syscall: 'listen',
  address: '::',
  port: 3129
}

Node.js v22.20.0
[31m[Nest] 28948  - [39m06/16/2026, 2:03:23 PM [31m  ERROR[39m [38;5;3m[NestApplication] [39m[31mError: listen EADDRINUSE: address already in use :::3129[39m[38;5;3m +3ms[39m
node:net:1940
    const ex = new UVExceptionWithHostPort(err, 'listen', address, port);
               ^

Error: listen EADDRINUSE: address already in use :::3129
    at Server.setupListenHandle [as _listen2] (node:net:1940:16)
    at listenInCluster (node:net:1997:12)
    at Server.listen (node:net:2102:7)
    at ExpressAdapter.listen (C:\Users\jewel\OneDrive\Documents\GitHub\wholesale-backend\node_modules\@nestjs\platform-express\adapters\express-adapter.js:95:32)
    at C:\Users\jewel\OneDrive\Documents\GitHub\wholesale-backend\node_modules\@nestjs\core\nest-application.js:183:30
    at new Promise (<anonymous>)
    at NestApplication.listen (C:\Users\jewel\OneDrive\Documents\GitHub\wholesale-backend\node_modules\@nestjs\core\nest-application.js:173:16)
    at async bootstrap (C:\Users\jewel\OneDrive\Documents\GitHub\wholesale-backend\src\main.ts:25:3) {
  code: 'EADDRINUSE',
  errno: -4091,
  syscall: 'listen',
  address: '::',
  port: 3129
}

Node.js v22.20.0
[31m[Nest] 29660  - [39m06/16/2026, 2:16:24 PM [31m  ERROR[39m [38;5;3m[NestApplication] [39m[31mError: listen EADDRINUSE: address already in use :::3129[39m[38;5;3m +2ms[39m
node:net:1940
    const ex = new UVExceptionWithHostPort(err, 'listen', address, port);
               ^

Error: listen EADDRINUSE: address already in use :::3129
    at Server.setupListenHandle [as _listen2] (node:net:1940:16)
    at listenInCluster (node:net:1997:12)
    at Server.listen (node:net:2102:7)
    at ExpressAdapter.listen (C:\Users\jewel\OneDrive\Documents\GitHub\wholesale-backend\node_modules\@nestjs\platform-express\adapters\express-adapter.js:95:32)
    at C:\Users\jewel\OneDrive\Documents\GitHub\wholesale-backend\node_modules\@nestjs\core\nest-application.js:183:30
    at new Promise (<anonymous>)
    at NestApplication.listen (C:\Users\jewel\OneDrive\Documents\GitHub\wholesale-backend\node_modules\@nestjs\core\nest-application.js:173:16)
    at async bootstrap (C:\Users\jewel\OneDrive\Documents\GitHub\wholesale-backend\src\main.ts:25:3) {
  code: 'EADDRINUSE',
  errno: -4091,
  syscall: 'listen',
  address: '::',
  port: 3129
}

Node.js v22.20.0
[31m[Nest] 13792  - [39m06/16/2026, 2:17:22 PM [31m  ERROR[39m [38;5;3m[NestApplication] [39m[31mError: listen EADDRINUSE: address already in use :::3129[39m[38;5;3m +2ms[39m
node:net:1940
    const ex = new UVExceptionWithHostPort(err, 'listen', address, port);
               ^

Error: listen EADDRINUSE: address already in use :::3129
    at Server.setupListenHandle [as _listen2] (node:net:1940:16)
    at listenInCluster (node:net:1997:12)
    at Server.listen (node:net:2102:7)
    at ExpressAdapter.listen (C:\Users\jewel\OneDrive\Documents\GitHub\wholesale-backend\node_modules\@nestjs\platform-express\adapters\express-adapter.js:95:32)
    at C:\Users\jewel\OneDrive\Documents\GitHub\wholesale-backend\node_modules\@nestjs\core\nest-application.js:183:30
    at new Promise (<anonymous>)
    at NestApplication.listen (C:\Users\jewel\OneDrive\Documents\GitHub\wholesale-backend\node_modules\@nestjs\core\nest-application.js:173:16)
    at async bootstrap (C:\Users\jewel\OneDrive\Documents\GitHub\wholesale-backend\src\main.ts:25:3) {
  code: 'EADDRINUSE',
  errno: -4091,
  syscall: 'listen',
  address: '::',
  port: 3129
}

Node.js v22.20.0
[31m[Nest] 14692  - [39m06/16/2026, 2:24:56 PM [31m  ERROR[39m [38;5;3m[NestApplication] [39m[31mError: listen EADDRINUSE: address already in use :::3129[39m[38;5;3m +2ms[39m
node:net:1940
    const ex = new UVExceptionWithHostPort(err, 'listen', address, port);
               ^

Error: listen EADDRINUSE: address already in use :::3129
    at Server.setupListenHandle [as _listen2] (node:net:1940:16)
    at listenInCluster (node:net:1997:12)
    at Server.listen (node:net:2102:7)
    at ExpressAdapter.listen (C:\Users\jewel\OneDrive\Documents\GitHub\wholesale-backend\node_modules\@nestjs\platform-express\adapters\express-adapter.js:95:32)
    at C:\Users\jewel\OneDrive\Documents\GitHub\wholesale-backend\node_modules\@nestjs\core\nest-application.js:183:30
    at new Promise (<anonymous>)
    at NestApplication.listen (C:\Users\jewel\OneDrive\Documents\GitHub\wholesale-backend\node_modules\@nestjs\core\nest-application.js:173:16)
    at async bootstrap (C:\Users\jewel\OneDrive\Documents\GitHub\wholesale-backend\src\main.ts:25:3) {
  code: 'EADDRINUSE',
  errno: -4091,
  syscall: 'listen',
  address: '::',
  port: 3129
}

Node.js v22.20.0
[31m[Nest] 20428  - [39m06/16/2026, 3:21:57 PM [31m  ERROR[39m [38;5;3m[NestApplication] [39m[31mError: listen EADDRINUSE: address already in use :::3129[39m[38;5;3m +3ms[39m
node:net:1940
    const ex = new UVExceptionWithHostPort(err, 'listen', address, port);
               ^

Error: listen EADDRINUSE: address already in use :::3129
    at Server.setupListenHandle [as _listen2] (node:net:1940:16)
    at listenInCluster (node:net:1997:12)
    at Server.listen (node:net:2102:7)
    at ExpressAdapter.listen (C:\Users\jewel\OneDrive\Documents\GitHub\wholesale-backend\node_modules\@nestjs\platform-express\adapters\express-adapter.js:95:32)
    at C:\Users\jewel\OneDrive\Documents\GitHub\wholesale-backend\node_modules\@nestjs\core\nest-application.js:183:30
    at new Promise (<anonymous>)
    at NestApplication.listen (C:\Users\jewel\OneDrive\Documents\GitHub\wholesale-backend\node_modules\@nestjs\core\nest-application.js:173:16)
    at async bootstrap (C:\Users\jewel\OneDrive\Documents\GitHub\wholesale-backend\src\main.ts:25:3) {
  code: 'EADDRINUSE',
  errno: -4091,
  syscall: 'listen',
  address: '::',
  port: 3129
}

Node.js v22.20.0
[31m[Nest] 9392  - [39m06/16/2026, 3:43:30 PM [31m  ERROR[39m [38;5;3m[NestApplication] [39m[31mError: listen EADDRINUSE: address already in use :::3129[39m[38;5;3m +2ms[39m
node:net:1940
    const ex = new UVExceptionWithHostPort(err, 'listen', address, port);
               ^

Error: listen EADDRINUSE: address already in use :::3129
    at Server.setupListenHandle [as _listen2] (node:net:1940:16)
    at listenInCluster (node:net:1997:12)
    at Server.listen (node:net:2102:7)
    at ExpressAdapter.listen (C:\Users\jewel\OneDrive\Documents\GitHub\wholesale-backend\node_modules\@nestjs\platform-express\adapters\express-adapter.js:95:32)
    at C:\Users\jewel\OneDrive\Documents\GitHub\wholesale-backend\node_modules\@nestjs\core\nest-application.js:183:30
    at new Promise (<anonymous>)
    at NestApplication.listen (C:\Users\jewel\OneDrive\Documents\GitHub\wholesale-backend\node_modules\@nestjs\core\nest-application.js:173:16)
    at async bootstrap (C:\Users\jewel\OneDrive\Documents\GitHub\wholesale-backend\src\main.ts:25:3) {
  code: 'EADDRINUSE',
  errno: -4091,
  syscall: 'listen',
  address: '::',
  port: 3129
}

Node.js v22.20.0
[31m[Nest] 19832  - [39m06/16/2026, 6:05:52 PM [31m  ERROR[39m [38;5;3m[NestApplication] [39m[31mError: listen EADDRINUSE: address already in use :::3129[39m[38;5;3m +3ms[39m
node:net:1940
    const ex = new UVExceptionWithHostPort(err, 'listen', address, port);
               ^

Error: listen EADDRINUSE: address already in use :::3129
    at Server.setupListenHandle [as _listen2] (node:net:1940:16)
    at listenInCluster (node:net:1997:12)
    at Server.listen (node:net:2102:7)
    at ExpressAdapter.listen (C:\Users\jewel\OneDrive\Documents\GitHub\wholesale-backend\node_modules\@nestjs\platform-express\adapters\express-adapter.js:95:32)
    at C:\Users\jewel\OneDrive\Documents\GitHub\wholesale-backend\node_modules\@nestjs\core\nest-application.js:183:30
    at new Promise (<anonymous>)
    at NestApplication.listen (C:\Users\jewel\OneDrive\Documents\GitHub\wholesale-backend\node_modules\@nestjs\core\nest-application.js:173:16)
    at async bootstrap (C:\Users\jewel\OneDrive\Documents\GitHub\wholesale-backend\src\main.ts:25:3) {
  code: 'EADDRINUSE',
  errno: -4091,
  syscall: 'listen',
  address: '::',
  port: 3129
}

Node.js v22.20.0
node:internal/modules/cjs/loader:1386
  throw err;
  ^

Error: Cannot find module 'C:\Users\jewel\OneDrive\Documents\GitHub\wholesale-backend\dist\main'
    at Function._resolveFilename (node:internal/modules/cjs/loader:1383:15)
    at defaultResolveImpl (node:internal/modules/cjs/loader:1025:19)
    at resolveForCJSWithHooks (node:internal/modules/cjs/loader:1030:22)
    at Function._load (node:internal/modules/cjs/loader:1192:37)
    at TracingChannel.traceSync (node:diagnostics_channel:322:14)
    at wrapModuleLoad (node:internal/modules/cjs/loader:237:24)
    at Function.executeUserEntryPoint [as runMain] (node:internal/modules/run_main:171:5)
    at node:internal/main/run_main_module:36:49 {
  code: 'MODULE_NOT_FOUND',
  requireStack: []
}

Node.js v22.20.0
node:internal/modules/cjs/loader:1386
  throw err;
  ^

Error: Cannot find module 'C:\Users\jewel\OneDrive\Documents\GitHub\wholesale-backend\dist\main'
    at Function._resolveFilename (node:internal/modules/cjs/loader:1383:15)
    at defaultResolveImpl (node:internal/modules/cjs/loader:1025:19)
    at resolveForCJSWithHooks (node:internal/modules/cjs/loader:1030:22)
    at Function._load (node:internal/modules/cjs/loader:1192:37)
    at TracingChannel.traceSync (node:diagnostics_channel:322:14)
    at wrapModuleLoad (node:internal/modules/cjs/loader:237:24)
    at Function.executeUserEntryPoint [as runMain] (node:internal/modules/run_main:171:5)
    at node:internal/main/run_main_module:36:49 {
  code: 'MODULE_NOT_FOUND',
  requireStack: []
}

Node.js v22.20.0
node:internal/modules/cjs/loader:1386
  throw err;
  ^

Error: Cannot find module './dto/types'
Require stack:
- C:\Users\jewel\OneDrive\Documents\GitHub\wholesale-backend\dist\packages\packages.controller.js
- C:\Users\jewel\OneDrive\Documents\GitHub\wholesale-backend\dist\packages\packages.module.js
- C:\Users\jewel\OneDrive\Documents\GitHub\wholesale-backend\dist\app.module.js
- C:\Users\jewel\OneDrive\Documents\GitHub\wholesale-backend\dist\main.js
    at Function._resolveFilename (node:internal/modules/cjs/loader:1383:15)
    at defaultResolveImpl (node:internal/modules/cjs/loader:1025:19)
    at resolveForCJSWithHooks (node:internal/modules/cjs/loader:1030:22)
    at Function._load (node:internal/modules/cjs/loader:1192:37)
    at TracingChannel.traceSync (node:diagnostics_channel:322:14)
    at wrapModuleLoad (node:internal/modules/cjs/loader:237:24)
    at Module.require (node:internal/modules/cjs/loader:1463:12)
    at require (node:internal/modules/helpers:147:16)
    at Object.<anonymous> (C:\Users\jewel\OneDrive\Documents\GitHub\wholesale-backend\src\packages\packages.controller.ts:6:1)
    at Module._compile (node:internal/modules/cjs/loader:1706:14) {
  code: 'MODULE_NOT_FOUND',
  requireStack: [
    'C:\\Users\\jewel\\OneDrive\\Documents\\GitHub\\wholesale-backend\\dist\\packages\\packages.controller.js',
    'C:\\Users\\jewel\\OneDrive\\Documents\\GitHub\\wholesale-backend\\dist\\packages\\packages.module.js',
    'C:\\Users\\jewel\\OneDrive\\Documents\\GitHub\\wholesale-backend\\dist\\app.module.js',
    'C:\\Users\\jewel\\OneDrive\\Documents\\GitHub\\wholesale-backend\\dist\\main.js'
  ]
}

Node.js v22.20.0
node:internal/modules/cjs/loader:1386
  throw err;
  ^

Error: Cannot find module 'C:\Users\jewel\OneDrive\Documents\GitHub\wholesale-backend\dist\main'
    at Function._resolveFilename (node:internal/modules/cjs/loader:1383:15)
    at defaultResolveImpl (node:internal/modules/cjs/loader:1025:19)
    at resolveForCJSWithHooks (node:internal/modules/cjs/loader:1030:22)
    at Function._load (node:internal/modules/cjs/loader:1192:37)
    at TracingChannel.traceSync (node:diagnostics_channel:322:14)
    at wrapModuleLoad (node:internal/modules/cjs/loader:237:24)
    at Function.executeUserEntryPoint [as runMain] (node:internal/modules/run_main:171:5)
    at node:internal/main/run_main_module:36:49 {
  code: 'MODULE_NOT_FOUND',
  requireStack: []
}

Node.js v22.20.0
node:internal/modules/cjs/loader:1386
  throw err;
  ^

Error: Cannot find module 'C:\Users\jewel\OneDrive\Documents\GitHub\wholesale-backend\dist\main'
    at Function._resolveFilename (node:internal/modules/cjs/loader:1383:15)
    at defaultResolveImpl (node:internal/modules/cjs/loader:1025:19)
    at resolveForCJSWithHooks (node:internal/modules/cjs/loader:1030:22)
    at Function._load (node:internal/modules/cjs/loader:1192:37)
    at TracingChannel.traceSync (node:diagnostics_channel:322:14)
    at wrapModuleLoad (node:internal/modules/cjs/loader:237:24)
    at Function.executeUserEntryPoint [as runMain] (node:internal/modules/run_main:171:5)
    at node:internal/main/run_main_module:36:49 {
  code: 'MODULE_NOT_FOUND',
  requireStack: []
}

Node.js v22.20.0
[31m[Nest] 17848  - [39m06/16/2026, 7:19:23 PM [31m  ERROR[39m [38;5;3m[NestApplication] [39m[31mError: listen EADDRINUSE: address already in use :::3129[39m[38;5;3m +3ms[39m
node:net:1940
    const ex = new UVExceptionWithHostPort(err, 'listen', address, port);
               ^

Error: listen EADDRINUSE: address already in use :::3129
    at Server.setupListenHandle [as _listen2] (node:net:1940:16)
    at listenInCluster (node:net:1997:12)
    at Server.listen (node:net:2102:7)
    at ExpressAdapter.listen (C:\Users\jewel\OneDrive\Documents\GitHub\wholesale-backend\node_modules\@nestjs\platform-express\adapters\express-adapter.js:95:32)
    at C:\Users\jewel\OneDrive\Documents\GitHub\wholesale-backend\node_modules\@nestjs\core\nest-application.js:183:30
    at new Promise (<anonymous>)
    at NestApplication.listen (C:\Users\jewel\OneDrive\Documents\GitHub\wholesale-backend\node_modules\@nestjs\core\nest-application.js:173:16)
    at async bootstrap (C:\Users\jewel\OneDrive\Documents\GitHub\wholesale-backend\src\main.ts:25:3) {
  code: 'EADDRINUSE',
  errno: -4091,
  syscall: 'listen',
  address: '::',
  port: 3129
}

Node.js v22.20.0
[31m[Nest] 26872  - [39m06/16/2026, 7:19:37 PM [31m  ERROR[39m [38;5;3m[NestApplication] [39m[31mError: listen EADDRINUSE: address already in use :::3129[39m[38;5;3m +3ms[39m
node:net:1940
    const ex = new UVExceptionWithHostPort(err, 'listen', address, port);
               ^

Error: listen EADDRINUSE: address already in use :::3129
    at Server.setupListenHandle [as _listen2] (node:net:1940:16)
    at listenInCluster (node:net:1997:12)
    at Server.listen (node:net:2102:7)
    at ExpressAdapter.listen (C:\Users\jewel\OneDrive\Documents\GitHub\wholesale-backend\node_modules\@nestjs\platform-express\adapters\express-adapter.js:95:32)
    at C:\Users\jewel\OneDrive\Documents\GitHub\wholesale-backend\node_modules\@nestjs\core\nest-application.js:183:30
    at new Promise (<anonymous>)
    at NestApplication.listen (C:\Users\jewel\OneDrive\Documents\GitHub\wholesale-backend\node_modules\@nestjs\core\nest-application.js:173:16)
    at async bootstrap (C:\Users\jewel\OneDrive\Documents\GitHub\wholesale-backend\src\main.ts:25:3) {
  code: 'EADDRINUSE',
  errno: -4091,
  syscall: 'listen',
  address: '::',
  port: 3129
}

Node.js v22.20.0
[31m[Nest] 24740  - [39m06/16/2026, 7:21:35 PM [31m  ERROR[39m [38;5;3m[NestApplication] [39m[31mError: listen EADDRINUSE: address already in use :::3129[39m[38;5;3m +4ms[39m
node:net:1940
    const ex = new UVExceptionWithHostPort(err, 'listen', address, port);
               ^

Error: listen EADDRINUSE: address already in use :::3129
    at Server.setupListenHandle [as _listen2] (node:net:1940:16)
    at listenInCluster (node:net:1997:12)
    at Server.listen (node:net:2102:7)
    at ExpressAdapter.listen (C:\Users\jewel\OneDrive\Documents\GitHub\wholesale-backend\node_modules\@nestjs\platform-express\adapters\express-adapter.js:95:32)
    at C:\Users\jewel\OneDrive\Documents\GitHub\wholesale-backend\node_modules\@nestjs\core\nest-application.js:183:30
    at new Promise (<anonymous>)
    at NestApplication.listen (C:\Users\jewel\OneDrive\Documents\GitHub\wholesale-backend\node_modules\@nestjs\core\nest-application.js:173:16)
    at async bootstrap (C:\Users\jewel\OneDrive\Documents\GitHub\wholesale-backend\src\main.ts:25:3) {
  code: 'EADDRINUSE',
  errno: -4091,
  syscall: 'listen',
  address: '::',
  port: 3129
}

Node.js v22.20.0
[31m[Nest] 30052  - [39m06/16/2026, 7:33:20 PM [31m  ERROR[39m [38;5;3m[NestApplication] [39m[31mError: listen EADDRINUSE: address already in use :::3129[39m[38;5;3m +3ms[39m
node:net:1940
    const ex = new UVExceptionWithHostPort(err, 'listen', address, port);
               ^

Error: listen EADDRINUSE: address already in use :::3129
    at Server.setupListenHandle [as _listen2] (node:net:1940:16)
    at listenInCluster (node:net:1997:12)
    at Server.listen (node:net:2102:7)
    at ExpressAdapter.listen (C:\Users\jewel\OneDrive\Documents\GitHub\wholesale-backend\node_modules\@nestjs\platform-express\adapters\express-adapter.js:95:32)
    at C:\Users\jewel\OneDrive\Documents\GitHub\wholesale-backend\node_modules\@nestjs\core\nest-application.js:183:30
    at new Promise (<anonymous>)
    at NestApplication.listen (C:\Users\jewel\OneDrive\Documents\GitHub\wholesale-backend\node_modules\@nestjs\core\nest-application.js:173:16)
    at async bootstrap (C:\Users\jewel\OneDrive\Documents\GitHub\wholesale-backend\src\main.ts:25:3) {
  code: 'EADDRINUSE',
  errno: -4091,
  syscall: 'listen',
  address: '::',
  port: 3129
}

Node.js v22.20.0
[31m[Nest] 18884  - [39m06/16/2026, 7:36:17 PM [31m  ERROR[39m [38;5;3m[NestApplication] [39m[31mError: listen EADDRINUSE: address already in use :::3129[39m[38;5;3m +3ms[39m
node:net:1940
    const ex = new UVExceptionWithHostPort(err, 'listen', address, port);
               ^

Error: listen EADDRINUSE: address already in use :::3129
    at Server.setupListenHandle [as _listen2] (node:net:1940:16)
    at listenInCluster (node:net:1997:12)
    at Server.listen (node:net:2102:7)
    at ExpressAdapter.listen (C:\Users\jewel\OneDrive\Documents\GitHub\wholesale-backend\node_modules\@nestjs\platform-express\adapters\express-adapter.js:95:32)
    at C:\Users\jewel\OneDrive\Documents\GitHub\wholesale-backend\node_modules\@nestjs\core\nest-application.js:183:30
    at new Promise (<anonymous>)
    at NestApplication.listen (C:\Users\jewel\OneDrive\Documents\GitHub\wholesale-backend\node_modules\@nestjs\core\nest-application.js:173:16)
    at async bootstrap (C:\Users\jewel\OneDrive\Documents\GitHub\wholesale-backend\src\main.ts:25:3) {
  code: 'EADDRINUSE',
  errno: -4091,
  syscall: 'listen',
  address: '::',
  port: 3129
}

Node.js v22.20.0
[31m[Nest] 21772  - [39m06/16/2026, 7:36:53 PM [31m  ERROR[39m [38;5;3m[NestApplication] [39m[31mError: listen EADDRINUSE: address already in use :::3129[39m[38;5;3m +2ms[39m
node:net:1940
    const ex = new UVExceptionWithHostPort(err, 'listen', address, port);
               ^

Error: listen EADDRINUSE: address already in use :::3129
    at Server.setupListenHandle [as _listen2] (node:net:1940:16)
    at listenInCluster (node:net:1997:12)
    at Server.listen (node:net:2102:7)
    at ExpressAdapter.listen (C:\Users\jewel\OneDrive\Documents\GitHub\wholesale-backend\node_modules\@nestjs\platform-express\adapters\express-adapter.js:95:32)
    at C:\Users\jewel\OneDrive\Documents\GitHub\wholesale-backend\node_modules\@nestjs\core\nest-application.js:183:30
    at new Promise (<anonymous>)
    at NestApplication.listen (C:\Users\jewel\OneDrive\Documents\GitHub\wholesale-backend\node_modules\@nestjs\core\nest-application.js:173:16)
    at async bootstrap (C:\Users\jewel\OneDrive\Documents\GitHub\wholesale-backend\src\main.ts:25:3) {
  code: 'EADDRINUSE',
  errno: -4091,
  syscall: 'listen',
  address: '::',
  port: 3129
}

Node.js v22.20.0
[31m[Nest] 30604  - [39m06/16/2026, 7:37:04 PM [31m  ERROR[39m [38;5;3m[NestApplication] [39m[31mError: listen EADDRINUSE: address already in use :::3129[39m[38;5;3m +2ms[39m
node:net:1940
    const ex = new UVExceptionWithHostPort(err, 'listen', address, port);
               ^

Error: listen EADDRINUSE: address already in use :::3129
    at Server.setupListenHandle [as _listen2] (node:net:1940:16)
    at listenInCluster (node:net:1997:12)
    at Server.listen (node:net:2102:7)
    at ExpressAdapter.listen (C:\Users\jewel\OneDrive\Documents\GitHub\wholesale-backend\node_modules\@nestjs\platform-express\adapters\express-adapter.js:95:32)
    at C:\Users\jewel\OneDrive\Documents\GitHub\wholesale-backend\node_modules\@nestjs\core\nest-application.js:183:30
    at new Promise (<anonymous>)
    at NestApplication.listen (C:\Users\jewel\OneDrive\Documents\GitHub\wholesale-backend\node_modules\@nestjs\core\nest-application.js:173:16)
    at async bootstrap (C:\Users\jewel\OneDrive\Documents\GitHub\wholesale-backend\src\main.ts:25:3) {
  code: 'EADDRINUSE',
  errno: -4091,
  syscall: 'listen',
  address: '::',
  port: 3129
}

Node.js v22.20.0
node:internal/modules/cjs/loader:1386
  throw err;
  ^

Error: Cannot find module 'C:\Users\jewel\OneDrive\Documents\GitHub\wholesale-backend\dist\main'
    at Function._resolveFilename (node:internal/modules/cjs/loader:1383:15)
    at defaultResolveImpl (node:internal/modules/cjs/loader:1025:19)
    at resolveForCJSWithHooks (node:internal/modules/cjs/loader:1030:22)
    at Function._load (node:internal/modules/cjs/loader:1192:37)
    at TracingChannel.traceSync (node:diagnostics_channel:322:14)
    at wrapModuleLoad (node:internal/modules/cjs/loader:237:24)
    at Function.executeUserEntryPoint [as runMain] (node:internal/modules/run_main:171:5)
    at node:internal/main/run_main_module:36:49 {
  code: 'MODULE_NOT_FOUND',
  requireStack: []
}

Node.js v22.20.0
node:internal/modules/cjs/loader:1386
  throw err;
  ^

Error: Cannot find module 'C:\Users\jewel\OneDrive\Documents\GitHub\wholesale-backend\dist\main'
    at Function._resolveFilename (node:internal/modules/cjs/loader:1383:15)
    at defaultResolveImpl (node:internal/modules/cjs/loader:1025:19)
    at resolveForCJSWithHooks (node:internal/modules/cjs/loader:1030:22)
    at Function._load (node:internal/modules/cjs/loader:1192:37)
    at TracingChannel.traceSync (node:diagnostics_channel:322:14)
    at wrapModuleLoad (node:internal/modules/cjs/loader:237:24)
    at Function.executeUserEntryPoint [as runMain] (node:internal/modules/run_main:171:5)
    at node:internal/main/run_main_module:36:49 {
  code: 'MODULE_NOT_FOUND',
  requireStack: []
}

Node.js v22.20.0
node:internal/modules/cjs/loader:1386
  throw err;
  ^

Error: Cannot find module 'C:\Users\jewel\OneDrive\Documents\GitHub\wholesale-backend\dist\main'
    at Function._resolveFilename (node:internal/modules/cjs/loader:1383:15)
    at defaultResolveImpl (node:internal/modules/cjs/loader:1025:19)
    at resolveForCJSWithHooks (node:internal/modules/cjs/loader:1030:22)
    at Function._load (node:internal/modules/cjs/loader:1192:37)
    at TracingChannel.traceSync (node:diagnostics_channel:322:14)
    at wrapModuleLoad (node:internal/modules/cjs/loader:237:24)
    at Function.executeUserEntryPoint [as runMain] (node:internal/modules/run_main:171:5)
    at node:internal/main/run_main_module:36:49 {
  code: 'MODULE_NOT_FOUND',
  requireStack: []
}

Node.js v22.20.0
[31m[Nest] 23200  - [39m06/16/2026, 10:22:32 PM [31m  ERROR[39m [38;5;3m[NestApplication] [39m[31mError: listen EADDRINUSE: address already in use :::3129[39m[38;5;3m +5ms[39m
node:net:1940
    const ex = new UVExceptionWithHostPort(err, 'listen', address, port);
               ^

Error: listen EADDRINUSE: address already in use :::3129
    at Server.setupListenHandle [as _listen2] (node:net:1940:16)
    at listenInCluster (node:net:1997:12)
    at Server.listen (node:net:2102:7)
    at ExpressAdapter.listen (C:\Users\jewel\OneDrive\Documents\GitHub\wholesale-backend\node_modules\@nestjs\platform-express\adapters\express-adapter.js:95:32)
    at C:\Users\jewel\OneDrive\Documents\GitHub\wholesale-backend\node_modules\@nestjs\core\nest-application.js:183:30
    at new Promise (<anonymous>)
    at NestApplication.listen (C:\Users\jewel\OneDrive\Documents\GitHub\wholesale-backend\node_modules\@nestjs\core\nest-application.js:173:16)
    at async bootstrap (C:\Users\jewel\OneDrive\Documents\GitHub\wholesale-backend\src\main.ts:25:3) {
  code: 'EADDRINUSE',
  errno: -4091,
  syscall: 'listen',
  address: '::',
  port: 3129
}

Node.js v22.20.0
node:internal/modules/cjs/loader:1386
  throw err;
  ^

Error: Cannot find module 'C:\Users\jewel\OneDrive\Documents\GitHub\wholesale-backend\dist\main'
    at Function._resolveFilename (node:internal/modules/cjs/loader:1383:15)
    at defaultResolveImpl (node:internal/modules/cjs/loader:1025:19)
    at resolveForCJSWithHooks (node:internal/modules/cjs/loader:1030:22)
    at Function._load (node:internal/modules/cjs/loader:1192:37)
    at TracingChannel.traceSync (node:diagnostics_channel:322:14)
    at wrapModuleLoad (node:internal/modules/cjs/loader:237:24)
    at Function.executeUserEntryPoint [as runMain] (node:internal/modules/run_main:171:5)
    at node:internal/main/run_main_module:36:49 {
  code: 'MODULE_NOT_FOUND',
  requireStack: []
}

Node.js v22.20.0
[31m[Nest] 7544  - [39m06/16/2026, 11:06:07 PM [31m  ERROR[39m [38;5;3m[NestApplication] [39m[31mError: listen EADDRINUSE: address already in use :::3129[39m[38;5;3m +5ms[39m
node:net:1940
    const ex = new UVExceptionWithHostPort(err, 'listen', address, port);
               ^

Error: listen EADDRINUSE: address already in use :::3129
    at Server.setupListenHandle [as _listen2] (node:net:1940:16)
    at listenInCluster (node:net:1997:12)
    at Server.listen (node:net:2102:7)
    at ExpressAdapter.listen (C:\Users\jewel\OneDrive\Documents\GitHub\wholesale-backend\node_modules\@nestjs\platform-express\adapters\express-adapter.js:95:32)
    at C:\Users\jewel\OneDrive\Documents\GitHub\wholesale-backend\node_modules\@nestjs\core\nest-application.js:183:30
    at new Promise (<anonymous>)
    at NestApplication.listen (C:\Users\jewel\OneDrive\Documents\GitHub\wholesale-backend\node_modules\@nestjs\core\nest-application.js:173:16)
    at async bootstrap (C:\Users\jewel\OneDrive\Documents\GitHub\wholesale-backend\src\main.ts:25:3) {
  code: 'EADDRINUSE',
  errno: -4091,
  syscall: 'listen',
  address: '::',
  port: 3129
}

Node.js v22.20.0
[31m[Nest] 13904  - [39m06/16/2026, 11:34:06 PM [31m  ERROR[39m [38;5;3m[NestApplication] [39m[31mError: listen EADDRINUSE: address already in use :::3129[39m[38;5;3m +4ms[39m
node:net:1940
    const ex = new UVExceptionWithHostPort(err, 'listen', address, port);
               ^

Error: listen EADDRINUSE: address already in use :::3129
    at Server.setupListenHandle [as _listen2] (node:net:1940:16)
    at listenInCluster (node:net:1997:12)
    at Server.listen (node:net:2102:7)
    at ExpressAdapter.listen (C:\Users\jewel\OneDrive\Documents\GitHub\wholesale-backend\node_modules\@nestjs\platform-express\adapters\express-adapter.js:95:32)
    at C:\Users\jewel\OneDrive\Documents\GitHub\wholesale-backend\node_modules\@nestjs\core\nest-application.js:183:30
    at new Promise (<anonymous>)
    at NestApplication.listen (C:\Users\jewel\OneDrive\Documents\GitHub\wholesale-backend\node_modules\@nestjs\core\nest-application.js:173:16)
    at async bootstrap (C:\Users\jewel\OneDrive\Documents\GitHub\wholesale-backend\src\main.ts:25:3) {
  code: 'EADDRINUSE',
  errno: -4091,
  syscall: 'listen',
  address: '::',
  port: 3129
}

Node.js v22.20.0
[31m[Nest] 27428  - [39m06/16/2026, 11:43:53 PM [31m  ERROR[39m [38;5;3m[NestApplication] [39m[31mError: listen EADDRINUSE: address already in use :::3129[39m[38;5;3m +6ms[39m
node:net:1940
    const ex = new UVExceptionWithHostPort(err, 'listen', address, port);
               ^

Error: listen EADDRINUSE: address already in use :::3129
    at Server.setupListenHandle [as _listen2] (node:net:1940:16)
    at listenInCluster (node:net:1997:12)
    at Server.listen (node:net:2102:7)
    at ExpressAdapter.listen (C:\Users\jewel\OneDrive\Documents\GitHub\wholesale-backend\node_modules\@nestjs\platform-express\adapters\express-adapter.js:95:32)
    at C:\Users\jewel\OneDrive\Documents\GitHub\wholesale-backend\node_modules\@nestjs\core\nest-application.js:183:30
    at new Promise (<anonymous>)
    at NestApplication.listen (C:\Users\jewel\OneDrive\Documents\GitHub\wholesale-backend\node_modules\@nestjs\core\nest-application.js:173:16)
    at async bootstrap (C:\Users\jewel\OneDrive\Documents\GitHub\wholesale-backend\src\main.ts:25:3) {
  code: 'EADDRINUSE',
  errno: -4091,
  syscall: 'listen',
  address: '::',
  port: 3129
}

Node.js v22.20.0
[31m[Nest] 380  - [39m06/16/2026, 11:44:53 PM [31m  ERROR[39m [38;5;3m[NestApplication] [39m[31mError: listen EADDRINUSE: address already in use :::3129[39m[38;5;3m +3ms[39m
node:net:1940
    const ex = new UVExceptionWithHostPort(err, 'listen', address, port);
               ^

Error: listen EADDRINUSE: address already in use :::3129
    at Server.setupListenHandle [as _listen2] (node:net:1940:16)
    at listenInCluster (node:net:1997:12)
    at Server.listen (node:net:2102:7)
    at ExpressAdapter.listen (C:\Users\jewel\OneDrive\Documents\GitHub\wholesale-backend\node_modules\@nestjs\platform-express\adapters\express-adapter.js:95:32)
    at C:\Users\jewel\OneDrive\Documents\GitHub\wholesale-backend\node_modules\@nestjs\core\nest-application.js:183:30
    at new Promise (<anonymous>)
    at NestApplication.listen (C:\Users\jewel\OneDrive\Documents\GitHub\wholesale-backend\node_modules\@nestjs\core\nest-application.js:173:16)
    at async bootstrap (C:\Users\jewel\OneDrive\Documents\GitHub\wholesale-backend\src\main.ts:25:3) {
  code: 'EADDRINUSE',
  errno: -4091,
  syscall: 'listen',
  address: '::',
  port: 3129
}

Node.js v22.20.0
[31m[Nest] 27776  - [39m06/16/2026, 11:53:33 PM [31m  ERROR[39m [38;5;3m[NestApplication] [39m[31mError: listen EADDRINUSE: address already in use :::3129[39m[38;5;3m +3ms[39m
node:net:1940
    const ex = new UVExceptionWithHostPort(err, 'listen', address, port);
               ^

Error: listen EADDRINUSE: address already in use :::3129
    at Server.setupListenHandle [as _listen2] (node:net:1940:16)
    at listenInCluster (node:net:1997:12)
    at Server.listen (node:net:2102:7)
    at ExpressAdapter.listen (C:\Users\jewel\OneDrive\Documents\GitHub\wholesale-backend\node_modules\@nestjs\platform-express\adapters\express-adapter.js:95:32)
    at C:\Users\jewel\OneDrive\Documents\GitHub\wholesale-backend\node_modules\@nestjs\core\nest-application.js:183:30
    at new Promise (<anonymous>)
    at NestApplication.listen (C:\Users\jewel\OneDrive\Documents\GitHub\wholesale-backend\node_modules\@nestjs\core\nest-application.js:173:16)
    at async bootstrap (C:\Users\jewel\OneDrive\Documents\GitHub\wholesale-backend\src\main.ts:25:3) {
  code: 'EADDRINUSE',
  errno: -4091,
  syscall: 'listen',
  address: '::',
  port: 3129
}

Node.js v22.20.0
[31m[Nest] 26476  - [39m06/17/2026, 11:55:07 AM [31m  ERROR[39m [38;5;3m[NestApplication] [39m[31mError: listen EADDRINUSE: address already in use :::3129[39m[38;5;3m +3ms[39m
node:net:1940
    const ex = new UVExceptionWithHostPort(err, 'listen', address, port);
               ^

Error: listen EADDRINUSE: address already in use :::3129
    at Server.setupListenHandle [as _listen2] (node:net:1940:16)
    at listenInCluster (node:net:1997:12)
    at Server.listen (node:net:2102:7)
    at ExpressAdapter.listen (C:\Users\jewel\OneDrive\Documents\GitHub\wholesale-backend\node_modules\@nestjs\platform-express\adapters\express-adapter.js:95:32)
    at C:\Users\jewel\OneDrive\Documents\GitHub\wholesale-backend\node_modules\@nestjs\core\nest-application.js:183:30
    at new Promise (<anonymous>)
    at NestApplication.listen (C:\Users\jewel\OneDrive\Documents\GitHub\wholesale-backend\node_modules\@nestjs\core\nest-application.js:173:16)
    at async bootstrap (C:\Users\jewel\OneDrive\Documents\GitHub\wholesale-backend\src\main.ts:25:3) {
  code: 'EADDRINUSE',
  errno: -4091,
  syscall: 'listen',
  address: '::',
  port: 3129
}

Node.js v22.20.0
[31m[Nest] 8368  - [39m06/17/2026, 11:56:15 AM [31m  ERROR[39m [38;5;3m[NestApplication] [39m[31mError: listen EADDRINUSE: address already in use :::3129[39m[38;5;3m +3ms[39m
node:net:1940
    const ex = new UVExceptionWithHostPort(err, 'listen', address, port);
               ^

Error: listen EADDRINUSE: address already in use :::3129
    at Server.setupListenHandle [as _listen2] (node:net:1940:16)
    at listenInCluster (node:net:1997:12)
    at Server.listen (node:net:2102:7)
    at ExpressAdapter.listen (C:\Users\jewel\OneDrive\Documents\GitHub\wholesale-backend\node_modules\@nestjs\platform-express\adapters\express-adapter.js:95:32)
    at C:\Users\jewel\OneDrive\Documents\GitHub\wholesale-backend\node_modules\@nestjs\core\nest-application.js:183:30
    at new Promise (<anonymous>)
    at NestApplication.listen (C:\Users\jewel\OneDrive\Documents\GitHub\wholesale-backend\node_modules\@nestjs\core\nest-application.js:173:16)
    at async bootstrap (C:\Users\jewel\OneDrive\Documents\GitHub\wholesale-backend\src\main.ts:25:3) {
  code: 'EADDRINUSE',
  errno: -4091,
  syscall: 'listen',
  address: '::',
  port: 3129
}

Node.js v22.20.0
[31m[Nest] 27584  - [39m06/17/2026, 11:57:30 AM [31m  ERROR[39m [38;5;3m[NestApplication] [39m[31mError: listen EADDRINUSE: address already in use :::3129[39m[38;5;3m +3ms[39m
node:net:1940
    const ex = new UVExceptionWithHostPort(err, 'listen', address, port);
               ^

Error: listen EADDRINUSE: address already in use :::3129
    at Server.setupListenHandle [as _listen2] (node:net:1940:16)
    at listenInCluster (node:net:1997:12)
    at Server.listen (node:net:2102:7)
    at ExpressAdapter.listen (C:\Users\jewel\OneDrive\Documents\GitHub\wholesale-backend\node_modules\@nestjs\platform-express\adapters\express-adapter.js:95:32)
    at C:\Users\jewel\OneDrive\Documents\GitHub\wholesale-backend\node_modules\@nestjs\core\nest-application.js:183:30
    at new Promise (<anonymous>)
    at NestApplication.listen (C:\Users\jewel\OneDrive\Documents\GitHub\wholesale-backend\node_modules\@nestjs\core\nest-application.js:173:16)
    at async bootstrap (C:\Users\jewel\OneDrive\Documents\GitHub\wholesale-backend\src\main.ts:25:3) {
  code: 'EADDRINUSE',
  errno: -4091,
  syscall: 'listen',
  address: '::',
  port: 3129
}

Node.js v22.20.0
[31m[Nest] 31984  - [39m06/17/2026, 12:38:59 PM [31m  ERROR[39m [38;5;3m[NestApplication] [39m[31mError: listen EADDRINUSE: address already in use :::3129[39m[38;5;3m +5ms[39m
node:net:1940
    const ex = new UVExceptionWithHostPort(err, 'listen', address, port);
               ^

Error: listen EADDRINUSE: address already in use :::3129
    at Server.setupListenHandle [as _listen2] (node:net:1940:16)
    at listenInCluster (node:net:1997:12)
    at Server.listen (node:net:2102:7)
    at ExpressAdapter.listen (C:\Users\jewel\OneDrive\Documents\GitHub\wholesale-backend\node_modules\@nestjs\platform-express\adapters\express-adapter.js:95:32)
    at C:\Users\jewel\OneDrive\Documents\GitHub\wholesale-backend\node_modules\@nestjs\core\nest-application.js:183:30
    at new Promise (<anonymous>)
    at NestApplication.listen (C:\Users\jewel\OneDrive\Documents\GitHub\wholesale-backend\node_modules\@nestjs\core\nest-application.js:173:16)
    at async bootstrap (C:\Users\jewel\OneDrive\Documents\GitHub\wholesale-backend\src\main.ts:25:3) {
  code: 'EADDRINUSE',
  errno: -4091,
  syscall: 'listen',
  address: '::',
  port: 3129
}

Node.js v22.20.0
[31m[Nest] 25520  - [39m06/17/2026, 12:40:00 PM [31m  ERROR[39m [38;5;3m[NestApplication] [39m[31mError: listen EADDRINUSE: address already in use :::3129[39m[38;5;3m +3ms[39m
node:net:1940
    const ex = new UVExceptionWithHostPort(err, 'listen', address, port);
               ^

Error: listen EADDRINUSE: address already in use :::3129
    at Server.setupListenHandle [as _listen2] (node:net:1940:16)
    at listenInCluster (node:net:1997:12)
    at Server.listen (node:net:2102:7)
    at ExpressAdapter.listen (C:\Users\jewel\OneDrive\Documents\GitHub\wholesale-backend\node_modules\@nestjs\platform-express\adapters\express-adapter.js:95:32)
    at C:\Users\jewel\OneDrive\Documents\GitHub\wholesale-backend\node_modules\@nestjs\core\nest-application.js:183:30
    at new Promise (<anonymous>)
    at NestApplication.listen (C:\Users\jewel\OneDrive\Documents\GitHub\wholesale-backend\node_modules\@nestjs\core\nest-application.js:173:16)
    at async bootstrap (C:\Users\jewel\OneDrive\Documents\GitHub\wholesale-backend\src\main.ts:25:3) {
  code: 'EADDRINUSE',
  errno: -4091,
  syscall: 'listen',
  address: '::',
  port: 3129
}

Node.js v22.20.0
[31m[Nest] 32748  - [39m06/17/2026, 12:41:34 PM [31m  ERROR[39m [38;5;3m[NestApplication] [39m[31mError: listen EADDRINUSE: address already in use :::3129[39m[38;5;3m +4ms[39m
node:net:1940
    const ex = new UVExceptionWithHostPort(err, 'listen', address, port);
               ^

Error: listen EADDRINUSE: address already in use :::3129
    at Server.setupListenHandle [as _listen2] (node:net:1940:16)
    at listenInCluster (node:net:1997:12)
    at Server.listen (node:net:2102:7)
    at ExpressAdapter.listen (C:\Users\jewel\OneDrive\Documents\GitHub\wholesale-backend\node_modules\@nestjs\platform-express\adapters\express-adapter.js:95:32)
    at C:\Users\jewel\OneDrive\Documents\GitHub\wholesale-backend\node_modules\@nestjs\core\nest-application.js:183:30
    at new Promise (<anonymous>)
    at NestApplication.listen (C:\Users\jewel\OneDrive\Documents\GitHub\wholesale-backend\node_modules\@nestjs\core\nest-application.js:173:16)
    at async bootstrap (C:\Users\jewel\OneDrive\Documents\GitHub\wholesale-backend\src\main.ts:25:3) {
  code: 'EADDRINUSE',
  errno: -4091,
  syscall: 'listen',
  address: '::',
  port: 3129
}

Node.js v22.20.0
[31m[Nest] 6616  - [39m06/17/2026, 12:42:05 PM [31m  ERROR[39m [38;5;3m[NestApplication] [39m[31mError: listen EADDRINUSE: address already in use :::3129[39m[38;5;3m +4ms[39m
node:net:1940
    const ex = new UVExceptionWithHostPort(err, 'listen', address, port);
               ^

Error: listen EADDRINUSE: address already in use :::3129
    at Server.setupListenHandle [as _listen2] (node:net:1940:16)
    at listenInCluster (node:net:1997:12)
    at Server.listen (node:net:2102:7)
    at ExpressAdapter.listen (C:\Users\jewel\OneDrive\Documents\GitHub\wholesale-backend\node_modules\@nestjs\platform-express\adapters\express-adapter.js:95:32)
    at C:\Users\jewel\OneDrive\Documents\GitHub\wholesale-backend\node_modules\@nestjs\core\nest-application.js:183:30
    at new Promise (<anonymous>)
    at NestApplication.listen (C:\Users\jewel\OneDrive\Documents\GitHub\wholesale-backend\node_modules\@nestjs\core\nest-application.js:173:16)
    at async bootstrap (C:\Users\jewel\OneDrive\Documents\GitHub\wholesale-backend\src\main.ts:25:3) {
  code: 'EADDRINUSE',
  errno: -4091,
  syscall: 'listen',
  address: '::',
  port: 3129
}

Node.js v22.20.0
[31m[Nest] 2148  - [39m06/17/2026, 1:06:39 PM [31m  ERROR[39m [38;5;3m[NestApplication] [39m[31mError: listen EADDRINUSE: address already in use :::3129[39m[38;5;3m +7ms[39m
node:net:1940
    const ex = new UVExceptionWithHostPort(err, 'listen', address, port);
               ^

Error: listen EADDRINUSE: address already in use :::3129
    at Server.setupListenHandle [as _listen2] (node:net:1940:16)
    at listenInCluster (node:net:1997:12)
    at Server.listen (node:net:2102:7)
    at ExpressAdapter.listen (C:\Users\jewel\OneDrive\Documents\GitHub\wholesale-backend\node_modules\@nestjs\platform-express\adapters\express-adapter.js:95:32)
    at C:\Users\jewel\OneDrive\Documents\GitHub\wholesale-backend\node_modules\@nestjs\core\nest-application.js:183:30
    at new Promise (<anonymous>)
    at NestApplication.listen (C:\Users\jewel\OneDrive\Documents\GitHub\wholesale-backend\node_modules\@nestjs\core\nest-application.js:173:16)
    at async bootstrap (C:\Users\jewel\OneDrive\Documents\GitHub\wholesale-backend\src\main.ts:25:3) {
  code: 'EADDRINUSE',
  errno: -4091,
  syscall: 'listen',
  address: '::',
  port: 3129
}

Node.js v22.20.0
[31m[Nest] 28428  - [39m06/17/2026, 5:14:33 PM [31m  ERROR[39m [38;5;3m[NestApplication] [39m[31mError: listen EADDRINUSE: address already in use :::3129[39m[38;5;3m +3ms[39m
node:net:1940
    const ex = new UVExceptionWithHostPort(err, 'listen', address, port);
               ^

Error: listen EADDRINUSE: address already in use :::3129
    at Server.setupListenHandle [as _listen2] (node:net:1940:16)
    at listenInCluster (node:net:1997:12)
    at Server.listen (node:net:2102:7)
    at ExpressAdapter.listen (C:\Users\jewel\OneDrive\Documents\GitHub\wholesale-backend\node_modules\@nestjs\platform-express\adapters\express-adapter.js:95:32)
    at C:\Users\jewel\OneDrive\Documents\GitHub\wholesale-backend\node_modules\@nestjs\core\nest-application.js:183:30
    at new Promise (<anonymous>)
    at NestApplication.listen (C:\Users\jewel\OneDrive\Documents\GitHub\wholesale-backend\node_modules\@nestjs\core\nest-application.js:173:16)
    at async bootstrap (C:\Users\jewel\OneDrive\Documents\GitHub\wholesale-backend\src\main.ts:25:3) {
  code: 'EADDRINUSE',
  errno: -4091,
  syscall: 'listen',
  address: '::',
  port: 3129
}

Node.js v22.20.0
[31m[Nest] 9852  - [39m06/17/2026, 5:14:51 PM [31m  ERROR[39m [38;5;3m[NestApplication] [39m[31mError: listen EADDRINUSE: address already in use :::3129[39m[38;5;3m +5ms[39m
node:net:1940
    const ex = new UVExceptionWithHostPort(err, 'listen', address, port);
               ^

Error: listen EADDRINUSE: address already in use :::3129
    at Server.setupListenHandle [as _listen2] (node:net:1940:16)
    at listenInCluster (node:net:1997:12)
    at Server.listen (node:net:2102:7)
    at ExpressAdapter.listen (C:\Users\jewel\OneDrive\Documents\GitHub\wholesale-backend\node_modules\@nestjs\platform-express\adapters\express-adapter.js:95:32)
    at C:\Users\jewel\OneDrive\Documents\GitHub\wholesale-backend\node_modules\@nestjs\core\nest-application.js:183:30
    at new Promise (<anonymous>)
    at NestApplication.listen (C:\Users\jewel\OneDrive\Documents\GitHub\wholesale-backend\node_modules\@nestjs\core\nest-application.js:173:16)
    at async bootstrap (C:\Users\jewel\OneDrive\Documents\GitHub\wholesale-backend\src\main.ts:25:3) {
  code: 'EADDRINUSE',
  errno: -4091,
  syscall: 'listen',
  address: '::',
  port: 3129
}

Node.js v22.20.0
[31m[Nest] 32604  - [39m06/17/2026, 5:22:00 PM [31m  ERROR[39m [38;5;3m[NestApplication] [39m[31mError: listen EADDRINUSE: address already in use :::3129[39m[38;5;3m +45ms[39m
node:net:1940
    const ex = new UVExceptionWithHostPort(err, 'listen', address, port);
               ^

Error: listen EADDRINUSE: address already in use :::3129
    at Server.setupListenHandle [as _listen2] (node:net:1940:16)
    at listenInCluster (node:net:1997:12)
    at Server.listen (node:net:2102:7)
    at ExpressAdapter.listen (C:\Users\jewel\OneDrive\Documents\GitHub\wholesale-backend\node_modules\@nestjs\platform-express\adapters\express-adapter.js:95:32)
    at C:\Users\jewel\OneDrive\Documents\GitHub\wholesale-backend\node_modules\@nestjs\core\nest-application.js:183:30
    at new Promise (<anonymous>)
    at NestApplication.listen (C:\Users\jewel\OneDrive\Documents\GitHub\wholesale-backend\node_modules\@nestjs\core\nest-application.js:173:16)
    at async bootstrap (C:\Users\jewel\OneDrive\Documents\GitHub\wholesale-backend\src\main.ts:25:3) {
  code: 'EADDRINUSE',
  errno: -4091,
  syscall: 'listen',
  address: '::',
  port: 3129
}

Node.js v22.20.0
[31m[Nest] 33164  - [39m06/17/2026, 9:59:21 PM [31m  ERROR[39m [38;5;3m[NestApplication] [39m[31mError: listen EADDRINUSE: address already in use :::3129[39m[38;5;3m +3ms[39m
node:net:1940
    const ex = new UVExceptionWithHostPort(err, 'listen', address, port);
               ^

Error: listen EADDRINUSE: address already in use :::3129
    at Server.setupListenHandle [as _listen2] (node:net:1940:16)
    at listenInCluster (node:net:1997:12)
    at Server.listen (node:net:2102:7)
    at ExpressAdapter.listen (C:\Users\jewel\OneDrive\Documents\GitHub\wholesale-backend\node_modules\@nestjs\platform-express\adapters\express-adapter.js:95:32)
    at C:\Users\jewel\OneDrive\Documents\GitHub\wholesale-backend\node_modules\@nestjs\core\nest-application.js:183:30
    at new Promise (<anonymous>)
    at NestApplication.listen (C:\Users\jewel\OneDrive\Documents\GitHub\wholesale-backend\node_modules\@nestjs\core\nest-application.js:173:16)
    at async bootstrap (C:\Users\jewel\OneDrive\Documents\GitHub\wholesale-backend\src\main.ts:25:3) {
  code: 'EADDRINUSE',
  errno: -4091,
  syscall: 'listen',
  address: '::',
  port: 3129
}

Node.js v22.20.0
[31m[Nest] 21056  - [39m06/17/2026, 10:21:23 PM [31m  ERROR[39m [38;5;3m[NestApplication] [39m[31mError: listen EADDRINUSE: address already in use :::3129[39m[38;5;3m +2ms[39m
node:net:1940
    const ex = new UVExceptionWithHostPort(err, 'listen', address, port);
               ^

Error: listen EADDRINUSE: address already in use :::3129
    at Server.setupListenHandle [as _listen2] (node:net:1940:16)
    at listenInCluster (node:net:1997:12)
    at Server.listen (node:net:2102:7)
    at ExpressAdapter.listen (C:\Users\jewel\OneDrive\Documents\GitHub\wholesale-backend\node_modules\@nestjs\platform-express\adapters\express-adapter.js:95:32)
    at C:\Users\jewel\OneDrive\Documents\GitHub\wholesale-backend\node_modules\@nestjs\core\nest-application.js:183:30
    at new Promise (<anonymous>)
    at NestApplication.listen (C:\Users\jewel\OneDrive\Documents\GitHub\wholesale-backend\node_modules\@nestjs\core\nest-application.js:173:16)
    at async bootstrap (C:\Users\jewel\OneDrive\Documents\GitHub\wholesale-backend\src\main.ts:25:3) {
  code: 'EADDRINUSE',
  errno: -4091,
  syscall: 'listen',
  address: '::',
  port: 3129
}

Node.js v22.20.0
[31m[Nest] 22424  - [39m06/17/2026, 10:22:22 PM [31m  ERROR[39m [38;5;3m[NestApplication] [39m[31mError: listen EADDRINUSE: address already in use :::3129[39m[38;5;3m +18ms[39m
node:net:1940
    const ex = new UVExceptionWithHostPort(err, 'listen', address, port);
               ^

Error: listen EADDRINUSE: address already in use :::3129
    at Server.setupListenHandle [as _listen2] (node:net:1940:16)
    at listenInCluster (node:net:1997:12)
    at Server.listen (node:net:2102:7)
    at ExpressAdapter.listen (C:\Users\jewel\OneDrive\Documents\GitHub\wholesale-backend\node_modules\@nestjs\platform-express\adapters\express-adapter.js:95:32)
    at C:\Users\jewel\OneDrive\Documents\GitHub\wholesale-backend\node_modules\@nestjs\core\nest-application.js:183:30
    at new Promise (<anonymous>)
    at NestApplication.listen (C:\Users\jewel\OneDrive\Documents\GitHub\wholesale-backend\node_modules\@nestjs\core\nest-application.js:173:16)
    at async bootstrap (C:\Users\jewel\OneDrive\Documents\GitHub\wholesale-backend\src\main.ts:25:3) {
  code: 'EADDRINUSE',
  errno: -4091,
  syscall: 'listen',
  address: '::',
  port: 3129
}

Node.js v22.20.0
[31m[Nest] 8148  - [39m06/17/2026, 10:35:43 PM [31m  ERROR[39m [38;5;3m[NestApplication] [39m[31mError: listen EADDRINUSE: address already in use :::3129[39m[38;5;3m +4ms[39m
node:net:1940
    const ex = new UVExceptionWithHostPort(err, 'listen', address, port);
               ^

Error: listen EADDRINUSE: address already in use :::3129
    at Server.setupListenHandle [as _listen2] (node:net:1940:16)
    at listenInCluster (node:net:1997:12)
    at Server.listen (node:net:2102:7)
    at ExpressAdapter.listen (C:\Users\jewel\OneDrive\Documents\GitHub\wholesale-backend\node_modules\@nestjs\platform-express\adapters\express-adapter.js:95:32)
    at C:\Users\jewel\OneDrive\Documents\GitHub\wholesale-backend\node_modules\@nestjs\core\nest-application.js:183:30
    at new Promise (<anonymous>)
    at NestApplication.listen (C:\Users\jewel\OneDrive\Documents\GitHub\wholesale-backend\node_modules\@nestjs\core\nest-application.js:173:16)
    at async bootstrap (C:\Users\jewel\OneDrive\Documents\GitHub\wholesale-backend\src\main.ts:25:3) {
  code: 'EADDRINUSE',
  errno: -4091,
  syscall: 'listen',
  address: '::',
  port: 3129
}

Node.js v22.20.0
[31m[Nest] 34640  - [39m06/18/2026, 8:18:55 AM [31m  ERROR[39m [38;5;3m[NestApplication] [39m[31mError: listen EADDRINUSE: address already in use :::3129[39m[38;5;3m +35ms[39m
node:net:1940
    const ex = new UVExceptionWithHostPort(err, 'listen', address, port);
               ^

Error: listen EADDRINUSE: address already in use :::3129
    at Server.setupListenHandle [as _listen2] (node:net:1940:16)
    at listenInCluster (node:net:1997:12)
    at Server.listen (node:net:2102:7)
    at ExpressAdapter.listen (C:\Users\jewel\OneDrive\Documents\GitHub\wholesale-backend\node_modules\@nestjs\platform-express\adapters\express-adapter.js:95:32)
    at C:\Users\jewel\OneDrive\Documents\GitHub\wholesale-backend\node_modules\@nestjs\core\nest-application.js:183:30
    at new Promise (<anonymous>)
    at NestApplication.listen (C:\Users\jewel\OneDrive\Documents\GitHub\wholesale-backend\node_modules\@nestjs\core\nest-application.js:173:16)
    at async bootstrap (C:\Users\jewel\OneDrive\Documents\GitHub\wholesale-backend\src\main.ts:25:3) {
  code: 'EADDRINUSE',
  errno: -4091,
  syscall: 'listen',
  address: '::',
  port: 3129
}

Node.js v22.20.0
[31m[Nest] 32484  - [39m06/18/2026, 8:20:02 AM [31m  ERROR[39m [38;5;3m[NestApplication] [39m[31mError: listen EADDRINUSE: address already in use :::3129[39m[38;5;3m +32ms[39m
node:net:1940
    const ex = new UVExceptionWithHostPort(err, 'listen', address, port);
               ^

Error: listen EADDRINUSE: address already in use :::3129
    at Server.setupListenHandle [as _listen2] (node:net:1940:16)
    at listenInCluster (node:net:1997:12)
    at Server.listen (node:net:2102:7)
    at ExpressAdapter.listen (C:\Users\jewel\OneDrive\Documents\GitHub\wholesale-backend\node_modules\@nestjs\platform-express\adapters\express-adapter.js:95:32)
    at C:\Users\jewel\OneDrive\Documents\GitHub\wholesale-backend\node_modules\@nestjs\core\nest-application.js:183:30
    at new Promise (<anonymous>)
    at NestApplication.listen (C:\Users\jewel\OneDrive\Documents\GitHub\wholesale-backend\node_modules\@nestjs\core\nest-application.js:173:16)
    at async bootstrap (C:\Users\jewel\OneDrive\Documents\GitHub\wholesale-backend\src\main.ts:25:3) {
  code: 'EADDRINUSE',
  errno: -4091,
  syscall: 'listen',
  address: '::',
  port: 3129
}

Node.js v22.20.0
[31m[Nest] 35784  - [39m06/18/2026, 3:42:57 PM [31m  ERROR[39m [38;5;3m[NestApplication] [39m[31mError: listen EADDRINUSE: address already in use :::3129[39m[38;5;3m +4ms[39m
node:net:1940
    const ex = new UVExceptionWithHostPort(err, 'listen', address, port);
               ^

Error: listen EADDRINUSE: address already in use :::3129
    at Server.setupListenHandle [as _listen2] (node:net:1940:16)
    at listenInCluster (node:net:1997:12)
    at Server.listen (node:net:2102:7)
    at ExpressAdapter.listen (C:\Users\jewel\OneDrive\Documents\GitHub\wholesale-backend\node_modules\@nestjs\platform-express\adapters\express-adapter.js:95:32)
    at C:\Users\jewel\OneDrive\Documents\GitHub\wholesale-backend\node_modules\@nestjs\core\nest-application.js:183:30
    at new Promise (<anonymous>)
    at NestApplication.listen (C:\Users\jewel\OneDrive\Documents\GitHub\wholesale-backend\node_modules\@nestjs\core\nest-application.js:173:16)
    at async bootstrap (C:\Users\jewel\OneDrive\Documents\GitHub\wholesale-backend\src\main.ts:25:3) {
  code: 'EADDRINUSE',
  errno: -4091,
  syscall: 'listen',
  address: '::',
  port: 3129
}

Node.js v22.20.0
[31m[Nest] 36348  - [39m06/18/2026, 4:22:51 PM [31m  ERROR[39m [38;5;3m[NestApplication] [39m[31mError: listen EADDRINUSE: address already in use :::3129[39m[38;5;3m +11ms[39m
node:net:1940
    const ex = new UVExceptionWithHostPort(err, 'listen', address, port);
               ^

Error: listen EADDRINUSE: address already in use :::3129
    at Server.setupListenHandle [as _listen2] (node:net:1940:16)
    at listenInCluster (node:net:1997:12)
    at Server.listen (node:net:2102:7)
    at ExpressAdapter.listen (C:\Users\jewel\OneDrive\Documents\GitHub\wholesale-backend\node_modules\@nestjs\platform-express\adapters\express-adapter.js:95:32)
    at C:\Users\jewel\OneDrive\Documents\GitHub\wholesale-backend\node_modules\@nestjs\core\nest-application.js:183:30
    at new Promise (<anonymous>)
    at NestApplication.listen (C:\Users\jewel\OneDrive\Documents\GitHub\wholesale-backend\node_modules\@nestjs\core\nest-application.js:173:16)
    at async bootstrap (C:\Users\jewel\OneDrive\Documents\GitHub\wholesale-backend\src\main.ts:25:3) {
  code: 'EADDRINUSE',
  errno: -4091,
  syscall: 'listen',
  address: '::',
  port: 3129
}

Node.js v22.20.0
node:internal/modules/cjs/loader:1386
  throw err;
  ^

Error: Cannot find module 'C:\Users\jewel\OneDrive\Documents\GitHub\wholesale-backend\dist\main'
    at Function._resolveFilename (node:internal/modules/cjs/loader:1383:15)
    at defaultResolveImpl (node:internal/modules/cjs/loader:1025:19)
    at resolveForCJSWithHooks (node:internal/modules/cjs/loader:1030:22)
    at Function._load (node:internal/modules/cjs/loader:1192:37)
    at TracingChannel.traceSync (node:diagnostics_channel:322:14)
    at wrapModuleLoad (node:internal/modules/cjs/loader:237:24)
    at Function.executeUserEntryPoint [as runMain] (node:internal/modules/run_main:171:5)
    at node:internal/main/run_main_module:36:49 {
  code: 'MODULE_NOT_FOUND',
  requireStack: []
}

Node.js v22.20.0
node:internal/modules/cjs/loader:1386
  throw err;
  ^

Error: Cannot find module 'C:\Users\jewel\OneDrive\Documents\GitHub\wholesale-backend\dist\main'
    at Function._resolveFilename (node:internal/modules/cjs/loader:1383:15)
    at defaultResolveImpl (node:internal/modules/cjs/loader:1025:19)
    at resolveForCJSWithHooks (node:internal/modules/cjs/loader:1030:22)
    at Function._load (node:internal/modules/cjs/loader:1192:37)
    at TracingChannel.traceSync (node:diagnostics_channel:322:14)
    at wrapModuleLoad (node:internal/modules/cjs/loader:237:24)
    at Function.executeUserEntryPoint [as runMain] (node:internal/modules/run_main:171:5)
    at node:internal/main/run_main_module:36:49 {
  code: 'MODULE_NOT_FOUND',
  requireStack: []
}

Node.js v22.20.0
[31m[Nest] 34840  - [39m06/18/2026, 5:22:49 PM [31m  ERROR[39m [38;5;3m[NestApplication] [39m[31mError: listen EADDRINUSE: address already in use :::3129[39m[38;5;3m +4ms[39m
node:net:1940
    const ex = new UVExceptionWithHostPort(err, 'listen', address, port);
               ^

Error: listen EADDRINUSE: address already in use :::3129
    at Server.setupListenHandle [as _listen2] (node:net:1940:16)
    at listenInCluster (node:net:1997:12)
    at Server.listen (node:net:2102:7)
    at ExpressAdapter.listen (C:\Users\jewel\OneDrive\Documents\GitHub\wholesale-backend\node_modules\@nestjs\platform-express\adapters\express-adapter.js:95:32)
    at C:\Users\jewel\OneDrive\Documents\GitHub\wholesale-backend\node_modules\@nestjs\core\nest-application.js:183:30
    at new Promise (<anonymous>)
    at NestApplication.listen (C:\Users\jewel\OneDrive\Documents\GitHub\wholesale-backend\node_modules\@nestjs\core\nest-application.js:173:16)
    at async bootstrap (C:\Users\jewel\OneDrive\Documents\GitHub\wholesale-backend\src\main.ts:25:3) {
  code: 'EADDRINUSE',
  errno: -4091,
  syscall: 'listen',
  address: '::',
  port: 3129
}

Node.js v22.20.0
[31m[Nest] 28284  - [39m06/18/2026, 5:37:37 PM [31m  ERROR[39m [38;5;3m[NestApplication] [39m[31mError: listen EADDRINUSE: address already in use :::3129[39m[38;5;3m +3ms[39m
node:net:1940
    const ex = new UVExceptionWithHostPort(err, 'listen', address, port);
               ^

Error: listen EADDRINUSE: address already in use :::3129
    at Server.setupListenHandle [as _listen2] (node:net:1940:16)
    at listenInCluster (node:net:1997:12)
    at Server.listen (node:net:2102:7)
    at ExpressAdapter.listen (C:\Users\jewel\OneDrive\Documents\GitHub\wholesale-backend\node_modules\@nestjs\platform-express\adapters\express-adapter.js:95:32)
    at C:\Users\jewel\OneDrive\Documents\GitHub\wholesale-backend\node_modules\@nestjs\core\nest-application.js:183:30
    at new Promise (<anonymous>)
    at NestApplication.listen (C:\Users\jewel\OneDrive\Documents\GitHub\wholesale-backend\node_modules\@nestjs\core\nest-application.js:173:16)
    at async bootstrap (C:\Users\jewel\OneDrive\Documents\GitHub\wholesale-backend\src\main.ts:25:3) {
  code: 'EADDRINUSE',
  errno: -4091,
  syscall: 'listen',
  address: '::',
  port: 3129
}

Node.js v22.20.0
[31m[Nest] 35184  - [39m06/18/2026, 5:43:48 PM [31m  ERROR[39m [38;5;3m[NestApplication] [39m[31mError: listen EADDRINUSE: address already in use :::3129[39m[38;5;3m +60ms[39m
node:net:1940
    const ex = new UVExceptionWithHostPort(err, 'listen', address, port);
               ^

Error: listen EADDRINUSE: address already in use :::3129
    at Server.setupListenHandle [as _listen2] (node:net:1940:16)
    at listenInCluster (node:net:1997:12)
    at Server.listen (node:net:2102:7)
    at ExpressAdapter.listen (C:\Users\jewel\OneDrive\Documents\GitHub\wholesale-backend\node_modules\@nestjs\platform-express\adapters\express-adapter.js:95:32)
    at C:\Users\jewel\OneDrive\Documents\GitHub\wholesale-backend\node_modules\@nestjs\core\nest-application.js:183:30
    at new Promise (<anonymous>)
    at NestApplication.listen (C:\Users\jewel\OneDrive\Documents\GitHub\wholesale-backend\node_modules\@nestjs\core\nest-application.js:173:16)
    at async bootstrap (C:\Users\jewel\OneDrive\Documents\GitHub\wholesale-backend\src\main.ts:25:3) {
  code: 'EADDRINUSE',
  errno: -4091,
  syscall: 'listen',
  address: '::',
  port: 3129
}

Node.js v22.20.0
[31m[Nest] 36748  - [39m06/18/2026, 5:53:38 PM [31m  ERROR[39m [38;5;3m[NestApplication] [39m[31mError: listen EADDRINUSE: address already in use :::3129[39m[38;5;3m +6ms[39m
node:net:1940
    const ex = new UVExceptionWithHostPort(err, 'listen', address, port);
               ^

Error: listen EADDRINUSE: address already in use :::3129
    at Server.setupListenHandle [as _listen2] (node:net:1940:16)
    at listenInCluster (node:net:1997:12)
    at Server.listen (node:net:2102:7)
    at ExpressAdapter.listen (C:\Users\jewel\OneDrive\Documents\GitHub\wholesale-backend\node_modules\@nestjs\platform-express\adapters\express-adapter.js:95:32)
    at C:\Users\jewel\OneDrive\Documents\GitHub\wholesale-backend\node_modules\@nestjs\core\nest-application.js:183:30
    at new Promise (<anonymous>)
    at NestApplication.listen (C:\Users\jewel\OneDrive\Documents\GitHub\wholesale-backend\node_modules\@nestjs\core\nest-application.js:173:16)
    at async bootstrap (C:\Users\jewel\OneDrive\Documents\GitHub\wholesale-backend\src\main.ts:25:3) {
  code: 'EADDRINUSE',
  errno: -4091,
  syscall: 'listen',
  address: '::',
  port: 3129
}

Node.js v22.20.0
[31m[Nest] 34624  - [39m06/18/2026, 6:04:20 PM [31m  ERROR[39m [38;5;3m[NestApplication] [39m[31mError: listen EADDRINUSE: address already in use :::3129[39m[38;5;3m +5ms[39m
node:net:1940
    const ex = new UVExceptionWithHostPort(err, 'listen', address, port);
               ^

Error: listen EADDRINUSE: address already in use :::3129
    at Server.setupListenHandle [as _listen2] (node:net:1940:16)
    at listenInCluster (node:net:1997:12)
    at Server.listen (node:net:2102:7)
    at ExpressAdapter.listen (C:\Users\jewel\OneDrive\Documents\GitHub\wholesale-backend\node_modules\@nestjs\platform-express\adapters\express-adapter.js:95:32)
    at C:\Users\jewel\OneDrive\Documents\GitHub\wholesale-backend\node_modules\@nestjs\core\nest-application.js:183:30
    at new Promise (<anonymous>)
    at NestApplication.listen (C:\Users\jewel\OneDrive\Documents\GitHub\wholesale-backend\node_modules\@nestjs\core\nest-application.js:173:16)
    at async bootstrap (C:\Users\jewel\OneDrive\Documents\GitHub\wholesale-backend\src\main.ts:25:3) {
  code: 'EADDRINUSE',
  errno: -4091,
  syscall: 'listen',
  address: '::',
  port: 3129
}

Node.js v22.20.0
[31m[Nest] 33580  - [39m06/18/2026, 11:06:13 PM [31m  ERROR[39m [38;5;3m[NestApplication] [39m[31mError: listen EADDRINUSE: address already in use :::3129[39m[38;5;3m +9ms[39m
node:net:1940
    const ex = new UVExceptionWithHostPort(err, 'listen', address, port);
               ^

Error: listen EADDRINUSE: address already in use :::3129
    at Server.setupListenHandle [as _listen2] (node:net:1940:16)
    at listenInCluster (node:net:1997:12)
    at Server.listen (node:net:2102:7)
    at ExpressAdapter.listen (C:\Users\jewel\OneDrive\Documents\GitHub\wholesale-backend\node_modules\@nestjs\platform-express\adapters\express-adapter.js:95:32)
    at C:\Users\jewel\OneDrive\Documents\GitHub\wholesale-backend\node_modules\@nestjs\core\nest-application.js:183:30
    at new Promise (<anonymous>)
    at NestApplication.listen (C:\Users\jewel\OneDrive\Documents\GitHub\wholesale-backend\node_modules\@nestjs\core\nest-application.js:173:16)
    at async bootstrap (C:\Users\jewel\OneDrive\Documents\GitHub\wholesale-backend\src\main.ts:25:3) {
  code: 'EADDRINUSE',
  errno: -4091,
  syscall: 'listen',
  address: '::',
  port: 3129
}

Node.js v22.20.0
[31m[Nest] 18580  - [39m06/18/2026, 11:09:38 PM [31m  ERROR[39m [38;5;3m[NestApplication] [39m[31mError: listen EADDRINUSE: address already in use :::3129[39m[38;5;3m +23ms[39m
node:net:1940
    const ex = new UVExceptionWithHostPort(err, 'listen', address, port);
               ^

Error: listen EADDRINUSE: address already in use :::3129
    at Server.setupListenHandle [as _listen2] (node:net:1940:16)
    at listenInCluster (node:net:1997:12)
    at Server.listen (node:net:2102:7)
    at ExpressAdapter.listen (C:\Users\jewel\OneDrive\Documents\GitHub\wholesale-backend\node_modules\@nestjs\platform-express\adapters\express-adapter.js:95:32)
    at C:\Users\jewel\OneDrive\Documents\GitHub\wholesale-backend\node_modules\@nestjs\core\nest-application.js:183:30
    at new Promise (<anonymous>)
    at NestApplication.listen (C:\Users\jewel\OneDrive\Documents\GitHub\wholesale-backend\node_modules\@nestjs\core\nest-application.js:173:16)
    at async bootstrap (C:\Users\jewel\OneDrive\Documents\GitHub\wholesale-backend\src\main.ts:25:3) {
  code: 'EADDRINUSE',
  errno: -4091,
  syscall: 'listen',
  address: '::',
  port: 3129
}

Node.js v22.20.0
[31m[Nest] 27168  - [39m06/18/2026, 11:11:08 PM [31m  ERROR[39m [38;5;3m[NestApplication] [39m[31mError: listen EADDRINUSE: address already in use :::3129[39m[38;5;3m +3ms[39m
node:net:1940
    const ex = new UVExceptionWithHostPort(err, 'listen', address, port);
               ^

Error: listen EADDRINUSE: address already in use :::3129
    at Server.setupListenHandle [as _listen2] (node:net:1940:16)
    at listenInCluster (node:net:1997:12)
    at Server.listen (node:net:2102:7)
    at ExpressAdapter.listen (C:\Users\jewel\OneDrive\Documents\GitHub\wholesale-backend\node_modules\@nestjs\platform-express\adapters\express-adapter.js:95:32)
    at C:\Users\jewel\OneDrive\Documents\GitHub\wholesale-backend\node_modules\@nestjs\core\nest-application.js:183:30
    at new Promise (<anonymous>)
    at NestApplication.listen (C:\Users\jewel\OneDrive\Documents\GitHub\wholesale-backend\node_modules\@nestjs\core\nest-application.js:173:16)
    at async bootstrap (C:\Users\jewel\OneDrive\Documents\GitHub\wholesale-backend\src\main.ts:25:3) {
  code: 'EADDRINUSE',
  errno: -4091,
  syscall: 'listen',
  address: '::',
  port: 3129
}

Node.js v22.20.0
node:internal/modules/cjs/loader:1386
  throw err;
  ^

Error: Cannot find module 'C:\Users\jewel\OneDrive\Documents\GitHub\wholesale-backend\dist\main'
    at Function._resolveFilename (node:internal/modules/cjs/loader:1383:15)
    at defaultResolveImpl (node:internal/modules/cjs/loader:1025:19)
    at resolveForCJSWithHooks (node:internal/modules/cjs/loader:1030:22)
    at Function._load (node:internal/modules/cjs/loader:1192:37)
    at TracingChannel.traceSync (node:diagnostics_channel:322:14)
    at wrapModuleLoad (node:internal/modules/cjs/loader:237:24)
    at Function.executeUserEntryPoint [as runMain] (node:internal/modules/run_main:171:5)
    at node:internal/main/run_main_module:36:49 {
  code: 'MODULE_NOT_FOUND',
  requireStack: []
}

Node.js v22.20.0
node:internal/modules/cjs/loader:1386
  throw err;
  ^

Error: Cannot find module 'C:\Users\jewel\OneDrive\Documents\GitHub\wholesale-backend\dist\main'
    at Function._resolveFilename (node:internal/modules/cjs/loader:1383:15)
    at defaultResolveImpl (node:internal/modules/cjs/loader:1025:19)
    at resolveForCJSWithHooks (node:internal/modules/cjs/loader:1030:22)
    at Function._load (node:internal/modules/cjs/loader:1192:37)
    at TracingChannel.traceSync (node:diagnostics_channel:322:14)
    at wrapModuleLoad (node:internal/modules/cjs/loader:237:24)
    at Function.executeUserEntryPoint [as runMain] (node:internal/modules/run_main:171:5)
    at node:internal/main/run_main_module:36:49 {
  code: 'MODULE_NOT_FOUND',
  requireStack: []
}

Node.js v22.20.0
[31m[Nest] 37464  - [39m06/18/2026, 11:40:20 PM [31m  ERROR[39m [38;5;3m[NestApplication] [39m[31mError: listen EADDRINUSE: address already in use :::3129[39m[38;5;3m +4ms[39m
node:net:1940
    const ex = new UVExceptionWithHostPort(err, 'listen', address, port);
               ^

Error: listen EADDRINUSE: address already in use :::3129
    at Server.setupListenHandle [as _listen2] (node:net:1940:16)
    at listenInCluster (node:net:1997:12)
    at Server.listen (node:net:2102:7)
    at ExpressAdapter.listen (C:\Users\jewel\OneDrive\Documents\GitHub\wholesale-backend\node_modules\@nestjs\platform-express\adapters\express-adapter.js:95:32)
    at C:\Users\jewel\OneDrive\Documents\GitHub\wholesale-backend\node_modules\@nestjs\core\nest-application.js:183:30
    at new Promise (<anonymous>)
    at NestApplication.listen (C:\Users\jewel\OneDrive\Documents\GitHub\wholesale-backend\node_modules\@nestjs\core\nest-application.js:173:16)
    at async bootstrap (C:\Users\jewel\OneDrive\Documents\GitHub\wholesale-backend\src\main.ts:25:3) {
  code: 'EADDRINUSE',
  errno: -4091,
  syscall: 'listen',
  address: '::',
  port: 3129
}

Node.js v22.20.0
node:internal/modules/cjs/loader:1386
  throw err;
  ^

Error: Cannot find module 'C:\Users\jewel\OneDrive\Documents\GitHub\wholesale-backend\dist\main'
    at Function._resolveFilename (node:internal/modules/cjs/loader:1383:15)
    at defaultResolveImpl (node:internal/modules/cjs/loader:1025:19)
    at resolveForCJSWithHooks (node:internal/modules/cjs/loader:1030:22)
    at Function._load (node:internal/modules/cjs/loader:1192:37)
    at TracingChannel.traceSync (node:diagnostics_channel:322:14)
    at wrapModuleLoad (node:internal/modules/cjs/loader:237:24)
    at Function.executeUserEntryPoint [as runMain] (node:internal/modules/run_main:171:5)
    at node:internal/main/run_main_module:36:49 {
  code: 'MODULE_NOT_FOUND',
  requireStack: []
}

Node.js v22.20.0
node:internal/modules/cjs/loader:1386
  throw err;
  ^

Error: Cannot find module 'C:\Users\jewel\OneDrive\Documents\GitHub\wholesale-backend\dist\main'
    at Function._resolveFilename (node:internal/modules/cjs/loader:1383:15)
    at defaultResolveImpl (node:internal/modules/cjs/loader:1025:19)
    at resolveForCJSWithHooks (node:internal/modules/cjs/loader:1030:22)
    at Function._load (node:internal/modules/cjs/loader:1192:37)
    at TracingChannel.traceSync (node:diagnostics_channel:322:14)
    at wrapModuleLoad (node:internal/modules/cjs/loader:237:24)
    at Function.executeUserEntryPoint [as runMain] (node:internal/modules/run_main:171:5)
    at node:internal/main/run_main_module:36:49 {
  code: 'MODULE_NOT_FOUND',
  requireStack: []
}

Node.js v22.20.0
node:internal/modules/cjs/loader:1386
  throw err;
  ^

Error: Cannot find module 'C:\Users\jewel\OneDrive\Documents\GitHub\wholesale-backend\dist\main'
    at Function._resolveFilename (node:internal/modules/cjs/loader:1383:15)
    at defaultResolveImpl (node:internal/modules/cjs/loader:1025:19)
    at resolveForCJSWithHooks (node:internal/modules/cjs/loader:1030:22)
    at Function._load (node:internal/modules/cjs/loader:1192:37)
    at TracingChannel.traceSync (node:diagnostics_channel:322:14)
    at wrapModuleLoad (node:internal/modules/cjs/loader:237:24)
    at Function.executeUserEntryPoint [as runMain] (node:internal/modules/run_main:171:5)
    at node:internal/main/run_main_module:36:49 {
  code: 'MODULE_NOT_FOUND',
  requireStack: []
}

Node.js v22.20.0
node:internal/modules/cjs/loader:1386
  throw err;
  ^

Error: Cannot find module 'C:\Users\jewel\OneDrive\Documents\GitHub\wholesale-backend\dist\main'
    at Function._resolveFilename (node:internal/modules/cjs/loader:1383:15)
    at defaultResolveImpl (node:internal/modules/cjs/loader:1025:19)
    at resolveForCJSWithHooks (node:internal/modules/cjs/loader:1030:22)
    at Function._load (node:internal/modules/cjs/loader:1192:37)
    at TracingChannel.traceSync (node:diagnostics_channel:322:14)
    at wrapModuleLoad (node:internal/modules/cjs/loader:237:24)
    at Function.executeUserEntryPoint [as runMain] (node:internal/modules/run_main:171:5)
    at node:internal/main/run_main_module:36:49 {
  code: 'MODULE_NOT_FOUND',
  requireStack: []
}

Node.js v22.20.0
[31m[Nest] 19780  - [39m06/19/2026, 12:50:22 AM [31m  ERROR[39m [38;5;3m[NestApplication] [39m[31mError: listen EADDRINUSE: address already in use :::3129[39m[38;5;3m +6ms[39m
node:net:1940
    const ex = new UVExceptionWithHostPort(err, 'listen', address, port);
               ^

Error: listen EADDRINUSE: address already in use :::3129
    at Server.setupListenHandle [as _listen2] (node:net:1940:16)
    at listenInCluster (node:net:1997:12)
    at Server.listen (node:net:2102:7)
    at ExpressAdapter.listen (C:\Users\jewel\OneDrive\Documents\GitHub\wholesale-backend\node_modules\@nestjs\platform-express\adapters\express-adapter.js:95:32)
    at C:\Users\jewel\OneDrive\Documents\GitHub\wholesale-backend\node_modules\@nestjs\core\nest-application.js:183:30
    at new Promise (<anonymous>)
    at NestApplication.listen (C:\Users\jewel\OneDrive\Documents\GitHub\wholesale-backend\node_modules\@nestjs\core\nest-application.js:173:16)
    at async bootstrap (C:\Users\jewel\OneDrive\Documents\GitHub\wholesale-backend\src\main.ts:25:3) {
  code: 'EADDRINUSE',
  errno: -4091,
  syscall: 'listen',
  address: '::',
  port: 3129
}

Node.js v22.20.0
